Starting Self-Play Training with 32 parallel environments...
Using cpu device

--- Generation 1 ---
Logging to /home/jnn.aurich/kuhhandel-ml/rl/train/itp/tensorboard_logs/MaskablePPO_0
------------------------------
| time/              |       |
|    fps             | 7648  |
|    iterations      | 1     |
|    time_elapsed    | 8     |
|    total_timesteps | 65536 |
------------------------------
Saved generation 1 to /home/jnn.aurich/kuhhandel-ml/rl/train/itp/models/selfplay_pool/gen_1
Time elapsed: 0.56 mins

--- Generation 2 ---
Logging to /home/jnn.aurich/kuhhandel-ml/rl/train/itp/tensorboard_logs/MaskablePPO_0
-------------------------------
| time/              |        |
|    fps             | 1719   |
|    iterations      | 1      |
|    time_elapsed    | 38     |
|    total_timesteps | 131072 |
-------------------------------
Saved generation 2 to /home/jnn.aurich/kuhhandel-ml/rl/train/itp/models/selfplay_pool/gen_2
Time elapsed: 1.62 mins

--- Generation 3 ---
Logging to /home/jnn.aurich/kuhhandel-ml/rl/train/itp/tensorboard_logs/MaskablePPO_0
-------------------------------
| time/              |        |
|    fps             | 2566   |
|    iterations      | 1      |
|    time_elapsed    | 25     |
|    total_timesteps | 196608 |
-------------------------------
Saved generation 3 to /home/jnn.aurich/kuhhandel-ml/rl/train/itp/models/selfplay_pool/gen_3
Time elapsed: 2.47 mins

--- Generation 4 ---
Logging to /home/jnn.aurich/kuhhandel-ml/rl/train/itp/tensorboard_logs/MaskablePPO_0
-------------------------------
| time/              |        |
|    fps             | 2653   |
|    iterations      | 1      |
|    time_elapsed    | 24     |
|    total_timesteps | 262144 |
-------------------------------
Saved generation 4 to /home/jnn.aurich/kuhhandel-ml/rl/train/itp/models/selfplay_pool/gen_4
Time elapsed: 3.30 mins

--- Generation 5 ---
Logging to /home/jnn.aurich/kuhhandel-ml/rl/train/itp/tensorboard_logs/MaskablePPO_0
-------------------------------
| time/              |        |
|    fps             | 2634   |
|    iterations      | 1      |
|    time_elapsed    | 24     |
|    total_timesteps | 327680 |
-------------------------------
Saved generation 5 to /home/jnn.aurich/kuhhandel-ml/rl/train/itp/models/selfplay_pool/gen_5
Time elapsed: 4.14 mins

--- Generation 6 ---
Logging to /home/jnn.aurich/kuhhandel-ml/rl/train/itp/tensorboard_logs/MaskablePPO_0
-------------------------------
| time/              |        |
|    fps             | 2732   |
|    iterations      | 1      |
|    time_elapsed    | 23     |
|    total_timesteps | 393216 |
-------------------------------
Saved generation 6 to /home/jnn.aurich/kuhhandel-ml/rl/train/itp/models/selfplay_pool/gen_6
Time elapsed: 4.96 mins

--- Generation 7 ---
Logging to /home/jnn.aurich/kuhhandel-ml/rl/train/itp/tensorboard_logs/MaskablePPO_0
-------------------------------
| time/              |        |
|    fps             | 2696   |
|    iterations      | 1      |
|    time_elapsed    | 24     |
|    total_timesteps | 458752 |
-------------------------------
Saved generation 7 to /home/jnn.aurich/kuhhandel-ml/rl/train/itp/models/selfplay_pool/gen_7
Time elapsed: 5.79 mins

--- Generation 8 ---
Logging to /home/jnn.aurich/kuhhandel-ml/rl/train/itp/tensorboard_logs/MaskablePPO_0
-------------------------------
| time/              |        |
|    fps             | 2631   |
|    iterations      | 1      |
|    time_elapsed    | 24     |
|    total_timesteps | 524288 |
-------------------------------
Saved generation 8 to /home/jnn.aurich/kuhhandel-ml/rl/train/itp/models/selfplay_pool/gen_8
Time elapsed: 6.62 mins

--- Generation 9 ---
Logging to /home/jnn.aurich/kuhhandel-ml/rl/train/itp/tensorboard_logs/MaskablePPO_0
-------------------------------
| time/              |        |
|    fps             | 2719   |
|    iterations      | 1      |
|    time_elapsed    | 24     |
|    total_timesteps | 589824 |
-------------------------------
Saved generation 9 to /home/jnn.aurich/kuhhandel-ml/rl/train/itp/models/selfplay_pool/gen_9
Time elapsed: 7.45 mins

--- Generation 10 ---
Logging to /home/jnn.aurich/kuhhandel-ml/rl/train/itp/tensorboard_logs/MaskablePPO_0
-------------------------------
| time/              |        |
|    fps             | 2701   |
|    iterations      | 1      |
|    time_elapsed    | 24     |
|    total_timesteps | 655360 |
-------------------------------
Saved generation 10 to /home/jnn.aurich/kuhhandel-ml/rl/train/itp/models/selfplay_pool/gen_10
Time elapsed: 8.27 mins

--- Generation 11 ---
Logging to /home/jnn.aurich/kuhhandel-ml/rl/train/itp/tensorboard_logs/MaskablePPO_0
-------------------------------
| time/              |        |
|    fps             | 2689   |
|    iterations      | 1      |
|    time_elapsed    | 24     |
|    total_timesteps | 720896 |
-------------------------------
Saved generation 11 to /home/jnn.aurich/kuhhandel-ml/rl/train/itp/models/selfplay_pool/gen_11
Time elapsed: 9.10 mins

--- Generation 12 ---
Logging to /home/jnn.aurich/kuhhandel-ml/rl/train/itp/tensorboard_logs/MaskablePPO_0
-------------------------------
| time/              |        |
|    fps             | 2673   |
|    iterations      | 1      |
|    time_elapsed    | 24     |
|    total_timesteps | 786432 |
-------------------------------
Saved generation 12 to /home/jnn.aurich/kuhhandel-ml/rl/train/itp/models/selfplay_pool/gen_12
Time elapsed: 9.94 mins

--- Generation 13 ---
Logging to /home/jnn.aurich/kuhhandel-ml/rl/train/itp/tensorboard_logs/MaskablePPO_0
-------------------------------
| time/              |        |
|    fps             | 2799   |
|    iterations      | 1      |
|    time_elapsed    | 23     |
|    total_timesteps | 851968 |
-------------------------------
Saved generation 13 to /home/jnn.aurich/kuhhandel-ml/rl/train/itp/models/selfplay_pool/gen_13
Time elapsed: 10.75 mins

--- Generation 14 ---
Logging to /home/jnn.aurich/kuhhandel-ml/rl/train/itp/tensorboard_logs/MaskablePPO_0
-------------------------------
| time/              |        |
|    fps             | 2740   |
|    iterations      | 1      |
|    time_elapsed    | 23     |
|    total_timesteps | 917504 |
-------------------------------
Saved generation 14 to /home/jnn.aurich/kuhhandel-ml/rl/train/itp/models/selfplay_pool/gen_14
Time elapsed: 11.57 mins

--- Generation 15 ---
Logging to /home/jnn.aurich/kuhhandel-ml/rl/train/itp/tensorboard_logs/MaskablePPO_0
-------------------------------
| time/              |        |
|    fps             | 2639   |
|    iterations      | 1      |
|    time_elapsed    | 24     |
|    total_timesteps | 983040 |
-------------------------------
Saved generation 15 to /home/jnn.aurich/kuhhandel-ml/rl/train/itp/models/selfplay_pool/gen_15
Time elapsed: 12.41 mins

--- Generation 16 ---
Logging to /home/jnn.aurich/kuhhandel-ml/rl/train/itp/tensorboard_logs/MaskablePPO_0
--------------------------------
| time/              |         |
|    fps             | 2672    |
|    iterations      | 1       |
|    time_elapsed    | 24      |
|    total_timesteps | 1048576 |
--------------------------------
Saved generation 16 to /home/jnn.aurich/kuhhandel-ml/rl/train/itp/models/selfplay_pool/gen_16
Time elapsed: 13.23 mins

--- Generation 17 ---
Logging to /home/jnn.aurich/kuhhandel-ml/rl/train/itp/tensorboard_logs/MaskablePPO_0
--------------------------------
| time/              |         |
|    fps             | 2693    |
|    iterations      | 1       |
|    time_elapsed    | 24      |
|    total_timesteps | 1114112 |
--------------------------------
Saved generation 17 to /home/jnn.aurich/kuhhandel-ml/rl/train/itp/models/selfplay_pool/gen_17
Time elapsed: 14.06 mins

--- Generation 18 ---
Logging to /home/jnn.aurich/kuhhandel-ml/rl/train/itp/tensorboard_logs/MaskablePPO_0
--------------------------------
| time/              |         |
|    fps             | 2735    |
|    iterations      | 1       |
|    time_elapsed    | 23      |
|    total_timesteps | 1179648 |
--------------------------------
Saved generation 18 to /home/jnn.aurich/kuhhandel-ml/rl/train/itp/models/selfplay_pool/gen_18
Time elapsed: 14.87 mins

--- Generation 19 ---
Logging to /home/jnn.aurich/kuhhandel-ml/rl/train/itp/tensorboard_logs/MaskablePPO_0
--------------------------------
| time/              |         |
|    fps             | 2743    |
|    iterations      | 1       |
|    time_elapsed    | 23      |
|    total_timesteps | 1245184 |
--------------------------------
Saved generation 19 to /home/jnn.aurich/kuhhandel-ml/rl/train/itp/models/selfplay_pool/gen_19
Time elapsed: 15.69 mins

--- Generation 20 ---
Logging to /home/jnn.aurich/kuhhandel-ml/rl/train/itp/tensorboard_logs/MaskablePPO_0
--------------------------------
| time/              |         |
|    fps             | 2675    |
|    iterations      | 1       |
|    time_elapsed    | 24      |
|    total_timesteps | 1310720 |
--------------------------------
Saved generation 20 to /home/jnn.aurich/kuhhandel-ml/rl/train/itp/models/selfplay_pool/gen_20
Time elapsed: 16.51 mins

--- Generation 21 ---
Logging to /home/jnn.aurich/kuhhandel-ml/rl/train/itp/tensorboard_logs/MaskablePPO_0
--------------------------------
| time/              |         |
|    fps             | 2748    |
|    iterations      | 1       |
|    time_elapsed    | 23      |
|    total_timesteps | 1376256 |
--------------------------------
Saved generation 21 to /home/jnn.aurich/kuhhandel-ml/rl/train/itp/models/selfplay_pool/gen_21
Time elapsed: 17.33 mins

--- Generation 22 ---
Logging to /home/jnn.aurich/kuhhandel-ml/rl/train/itp/tensorboard_logs/MaskablePPO_0
--------------------------------
| time/              |         |
|    fps             | 2731    |
|    iterations      | 1       |
|    time_elapsed    | 23      |
|    total_timesteps | 1441792 |
--------------------------------
Saved generation 22 to /home/jnn.aurich/kuhhandel-ml/rl/train/itp/models/selfplay_pool/gen_22
Time elapsed: 18.14 mins

--- Generation 23 ---
Logging to /home/jnn.aurich/kuhhandel-ml/rl/train/itp/tensorboard_logs/MaskablePPO_0
--------------------------------
| time/              |         |
|    fps             | 2737    |
|    iterations      | 1       |
|    time_elapsed    | 23      |
|    total_timesteps | 1507328 |
--------------------------------
Saved generation 23 to /home/jnn.aurich/kuhhandel-ml/rl/train/itp/models/selfplay_pool/gen_23
Time elapsed: 18.96 mins

--- Generation 24 ---
Logging to /home/jnn.aurich/kuhhandel-ml/rl/train/itp/tensorboard_logs/MaskablePPO_0
--------------------------------
| time/              |         |
|    fps             | 2703    |
|    iterations      | 1       |
|    time_elapsed    | 24      |
|    total_timesteps | 1572864 |
--------------------------------
Saved generation 24 to /home/jnn.aurich/kuhhandel-ml/rl/train/itp/models/selfplay_pool/gen_24
Time elapsed: 19.78 mins

--- Generation 25 ---
Logging to /home/jnn.aurich/kuhhandel-ml/rl/train/itp/tensorboard_logs/MaskablePPO_0
--------------------------------
| time/              |         |
|    fps             | 2702    |
|    iterations      | 1       |
|    time_elapsed    | 24      |
|    total_timesteps | 1638400 |
--------------------------------
Saved generation 25 to /home/jnn.aurich/kuhhandel-ml/rl/train/itp/models/selfplay_pool/gen_25
Time elapsed: 20.60 mins

--- Generation 26 ---
Logging to /home/jnn.aurich/kuhhandel-ml/rl/train/itp/tensorboard_logs/MaskablePPO_0
--------------------------------
| time/              |         |
|    fps             | 2760    |
|    iterations      | 1       |
|    time_elapsed    | 23      |
|    total_timesteps | 1703936 |
--------------------------------
Saved generation 26 to /home/jnn.aurich/kuhhandel-ml/rl/train/itp/models/selfplay_pool/gen_26
Time elapsed: 21.42 mins

--- Generation 27 ---
Logging to /home/jnn.aurich/kuhhandel-ml/rl/train/itp/tensorboard_logs/MaskablePPO_0
--------------------------------
| time/              |         |
|    fps             | 2657    |
|    iterations      | 1       |
|    time_elapsed    | 24      |
|    total_timesteps | 1769472 |
--------------------------------
Saved generation 27 to /home/jnn.aurich/kuhhandel-ml/rl/train/itp/models/selfplay_pool/gen_27
Time elapsed: 22.24 mins

--- Generation 28 ---
Logging to /home/jnn.aurich/kuhhandel-ml/rl/train/itp/tensorboard_logs/MaskablePPO_0
--------------------------------
| time/              |         |
|    fps             | 2697    |
|    iterations      | 1       |
|    time_elapsed    | 24      |
|    total_timesteps | 1835008 |
--------------------------------
Saved generation 28 to /home/jnn.aurich/kuhhandel-ml/rl/train/itp/models/selfplay_pool/gen_28
Time elapsed: 23.07 mins

--- Generation 29 ---
Logging to /home/jnn.aurich/kuhhandel-ml/rl/train/itp/tensorboard_logs/MaskablePPO_0
--------------------------------
| time/              |         |
|    fps             | 2766    |
|    iterations      | 1       |
|    time_elapsed    | 23      |
|    total_timesteps | 1900544 |
--------------------------------
Saved generation 29 to /home/jnn.aurich/kuhhandel-ml/rl/train/itp/models/selfplay_pool/gen_29
Time elapsed: 23.88 mins

--- Generation 30 ---
Logging to /home/jnn.aurich/kuhhandel-ml/rl/train/itp/tensorboard_logs/MaskablePPO_0
--------------------------------
| time/              |         |
|    fps             | 2653    |
|    iterations      | 1       |
|    time_elapsed    | 24      |
|    total_timesteps | 1966080 |
--------------------------------
Saved generation 30 to /home/jnn.aurich/kuhhandel-ml/rl/train/itp/models/selfplay_pool/gen_0
Time elapsed: 24.71 mins

--- Generation 31 ---
Logging to /home/jnn.aurich/kuhhandel-ml/rl/train/itp/tensorboard_logs/MaskablePPO_0
