Starting Self-Play Training with 32 parallel environments...
Using cpu device

--- Generation 1 ---
---------------------------------
| rollout/           |          |
|    ep_len_mean     | 193      |
|    ep_rew_mean     | -66      |
| time/              |          |
|    fps             | 6237     |
|    iterations      | 1        |
|    time_elapsed    | 10       |
|    total_timesteps | 65536    |
---------------------------------
Saved generation 1 to /home/jnn.aurich/kuhhandel-ml/rl/train/itp/models/selfplay_pool/gen_1
Time elapsed: 0.89 mins

--- Generation 2 ---
---------------------------------
| rollout/           |          |
|    ep_len_mean     | 175      |
|    ep_rew_mean     | -85.4    |
| time/              |          |
|    fps             | 1555     |
|    iterations      | 1        |
|    time_elapsed    | 42       |
|    total_timesteps | 131072   |
---------------------------------
Saved generation 2 to /home/jnn.aurich/kuhhandel-ml/rl/train/itp/models/selfplay_pool/gen_2
Time elapsed: 2.30 mins

--- Generation 3 ---
---------------------------------
| rollout/           |          |
|    ep_len_mean     | 180      |
|    ep_rew_mean     | -94.4    |
| time/              |          |
|    fps             | 2078     |
|    iterations      | 1        |
|    time_elapsed    | 31       |
|    total_timesteps | 196608   |
---------------------------------
Saved generation 3 to /home/jnn.aurich/kuhhandel-ml/rl/train/itp/models/selfplay_pool/gen_3
Time elapsed: 3.54 mins

--- Generation 4 ---
---------------------------------
| rollout/           |          |
|    ep_len_mean     | 183      |
|    ep_rew_mean     | -79      |
| time/              |          |
|    fps             | 2147     |
|    iterations      | 1        |
|    time_elapsed    | 30       |
|    total_timesteps | 262144   |
---------------------------------
Saved generation 4 to /home/jnn.aurich/kuhhandel-ml/rl/train/itp/models/selfplay_pool/gen_4
Time elapsed: 4.76 mins

--- Generation 5 ---
---------------------------------
| rollout/           |          |
|    ep_len_mean     | 184      |
|    ep_rew_mean     | -83.5    |
| time/              |          |
|    fps             | 2210     |
|    iterations      | 1        |
|    time_elapsed    | 29       |
|    total_timesteps | 327680   |
---------------------------------
Saved generation 5 to /home/jnn.aurich/kuhhandel-ml/rl/train/itp/models/selfplay_pool/gen_5
Time elapsed: 5.97 mins

--- Generation 6 ---
---------------------------------
| rollout/           |          |
|    ep_len_mean     | 189      |
|    ep_rew_mean     | -81.3    |
| time/              |          |
|    fps             | 2197     |
|    iterations      | 1        |
|    time_elapsed    | 29       |
|    total_timesteps | 393216   |
---------------------------------
Saved generation 6 to /home/jnn.aurich/kuhhandel-ml/rl/train/itp/models/selfplay_pool/gen_6
Time elapsed: 7.18 mins

--- Generation 7 ---
---------------------------------
| rollout/           |          |
|    ep_len_mean     | 189      |
|    ep_rew_mean     | -84      |
| time/              |          |
|    fps             | 2157     |
|    iterations      | 1        |
|    time_elapsed    | 30       |
|    total_timesteps | 458752   |
---------------------------------
Saved generation 7 to /home/jnn.aurich/kuhhandel-ml/rl/train/itp/models/selfplay_pool/gen_7
Time elapsed: 8.40 mins

--- Generation 8 ---
---------------------------------
| rollout/           |          |
|    ep_len_mean     | 187      |
|    ep_rew_mean     | -78.6    |
| time/              |          |
|    fps             | 2217     |
|    iterations      | 1        |
|    time_elapsed    | 29       |
|    total_timesteps | 524288   |
---------------------------------
Saved generation 8 to /home/jnn.aurich/kuhhandel-ml/rl/train/itp/models/selfplay_pool/gen_8
Time elapsed: 9.60 mins

--- Generation 9 ---
---------------------------------
| rollout/           |          |
|    ep_len_mean     | 188      |
|    ep_rew_mean     | -83.9    |
| time/              |          |
|    fps             | 2321     |
|    iterations      | 1        |
|    time_elapsed    | 28       |
|    total_timesteps | 589824   |
---------------------------------
Saved generation 9 to /home/jnn.aurich/kuhhandel-ml/rl/train/itp/models/selfplay_pool/gen_9
Time elapsed: 10.79 mins

--- Generation 10 ---
---------------------------------
| rollout/           |          |
|    ep_len_mean     | 191      |
|    ep_rew_mean     | -76      |
| time/              |          |
|    fps             | 2289     |
|    iterations      | 1        |
|    time_elapsed    | 28       |
|    total_timesteps | 655360   |
---------------------------------
Saved generation 10 to /home/jnn.aurich/kuhhandel-ml/rl/train/itp/models/selfplay_pool/gen_10
Time elapsed: 11.98 mins

--- Generation 11 ---
---------------------------------
| rollout/           |          |
|    ep_len_mean     | 194      |
|    ep_rew_mean     | -75      |
| time/              |          |
|    fps             | 2273     |
|    iterations      | 1        |
|    time_elapsed    | 28       |
|    total_timesteps | 720896   |
---------------------------------
Saved generation 11 to /home/jnn.aurich/kuhhandel-ml/rl/train/itp/models/selfplay_pool/gen_11
Time elapsed: 13.17 mins

--- Generation 12 ---
---------------------------------
| rollout/           |          |
|    ep_len_mean     | 190      |
|    ep_rew_mean     | -84.4    |
| time/              |          |
|    fps             | 2328     |
|    iterations      | 1        |
|    time_elapsed    | 28       |
|    total_timesteps | 786432   |
---------------------------------
Saved generation 12 to /home/jnn.aurich/kuhhandel-ml/rl/train/itp/models/selfplay_pool/gen_12
Time elapsed: 14.34 mins

--- Generation 13 ---
---------------------------------
| rollout/           |          |
|    ep_len_mean     | 194      |
|    ep_rew_mean     | -77.3    |
| time/              |          |
|    fps             | 2327     |
|    iterations      | 1        |
|    time_elapsed    | 28       |
|    total_timesteps | 851968   |
---------------------------------
Saved generation 13 to /home/jnn.aurich/kuhhandel-ml/rl/train/itp/models/selfplay_pool/gen_13
Time elapsed: 15.52 mins

--- Generation 14 ---
---------------------------------
| rollout/           |          |
|    ep_len_mean     | 190      |
|    ep_rew_mean     | -78.2    |
| time/              |          |
|    fps             | 2305     |
|    iterations      | 1        |
|    time_elapsed    | 28       |
|    total_timesteps | 917504   |
---------------------------------
Saved generation 14 to /home/jnn.aurich/kuhhandel-ml/rl/train/itp/models/selfplay_pool/gen_14
Time elapsed: 16.70 mins

--- Generation 15 ---
---------------------------------
| rollout/           |          |
|    ep_len_mean     | 192      |
|    ep_rew_mean     | -78.9    |
| time/              |          |
|    fps             | 2279     |
|    iterations      | 1        |
|    time_elapsed    | 28       |
|    total_timesteps | 983040   |
---------------------------------
Saved generation 15 to /home/jnn.aurich/kuhhandel-ml/rl/train/itp/models/selfplay_pool/gen_15
Time elapsed: 17.88 mins

--- Generation 16 ---
---------------------------------
| rollout/           |          |
|    ep_len_mean     | 190      |
|    ep_rew_mean     | -78.3    |
| time/              |          |
|    fps             | 2299     |
|    iterations      | 1        |
|    time_elapsed    | 28       |
|    total_timesteps | 1048576  |
---------------------------------
Saved generation 16 to /home/jnn.aurich/kuhhandel-ml/rl/train/itp/models/selfplay_pool/gen_16
Time elapsed: 19.06 mins

--- Generation 17 ---
---------------------------------
| rollout/           |          |
|    ep_len_mean     | 190      |
|    ep_rew_mean     | -70.1    |
| time/              |          |
|    fps             | 2267     |
|    iterations      | 1        |
|    time_elapsed    | 28       |
|    total_timesteps | 1114112  |
---------------------------------
Saved generation 17 to /home/jnn.aurich/kuhhandel-ml/rl/train/itp/models/selfplay_pool/gen_17
Time elapsed: 20.25 mins

--- Generation 18 ---
---------------------------------
| rollout/           |          |
|    ep_len_mean     | 191      |
|    ep_rew_mean     | -75.5    |
| time/              |          |
|    fps             | 2297     |
|    iterations      | 1        |
|    time_elapsed    | 28       |
|    total_timesteps | 1179648  |
---------------------------------
Saved generation 18 to /home/jnn.aurich/kuhhandel-ml/rl/train/itp/models/selfplay_pool/gen_18
Time elapsed: 21.43 mins

--- Generation 19 ---
---------------------------------
| rollout/           |          |
|    ep_len_mean     | 190      |
|    ep_rew_mean     | -67.2    |
| time/              |          |
|    fps             | 2292     |
|    iterations      | 1        |
|    time_elapsed    | 28       |
|    total_timesteps | 1245184  |
---------------------------------
Saved generation 19 to /home/jnn.aurich/kuhhandel-ml/rl/train/itp/models/selfplay_pool/gen_19
Time elapsed: 22.61 mins

--- Generation 20 ---
---------------------------------
| rollout/           |          |
|    ep_len_mean     | 189      |
|    ep_rew_mean     | -68.2    |
| time/              |          |
|    fps             | 2328     |
|    iterations      | 1        |
|    time_elapsed    | 28       |
|    total_timesteps | 1310720  |
---------------------------------
Saved generation 20 to /home/jnn.aurich/kuhhandel-ml/rl/train/itp/models/selfplay_pool/gen_20
Time elapsed: 23.78 mins

--- Generation 21 ---
---------------------------------
| rollout/           |          |
|    ep_len_mean     | 191      |
|    ep_rew_mean     | -69.7    |
| time/              |          |
|    fps             | 2321     |
|    iterations      | 1        |
|    time_elapsed    | 28       |
|    total_timesteps | 1376256  |
---------------------------------
Saved generation 21 to /home/jnn.aurich/kuhhandel-ml/rl/train/itp/models/selfplay_pool/gen_21
Time elapsed: 24.96 mins

--- Generation 22 ---
---------------------------------
| rollout/           |          |
|    ep_len_mean     | 191      |
|    ep_rew_mean     | -68.7    |
| time/              |          |
|    fps             | 2314     |
|    iterations      | 1        |
|    time_elapsed    | 28       |
|    total_timesteps | 1441792  |
---------------------------------
Saved generation 22 to /home/jnn.aurich/kuhhandel-ml/rl/train/itp/models/selfplay_pool/gen_22
Time elapsed: 26.14 mins

--- Generation 23 ---
---------------------------------
| rollout/           |          |
|    ep_len_mean     | 192      |
|    ep_rew_mean     | -74.7    |
| time/              |          |
|    fps             | 2339     |
|    iterations      | 1        |
|    time_elapsed    | 28       |
|    total_timesteps | 1507328  |
---------------------------------
Saved generation 23 to /home/jnn.aurich/kuhhandel-ml/rl/train/itp/models/selfplay_pool/gen_23
Time elapsed: 27.32 mins

--- Generation 24 ---
---------------------------------
| rollout/           |          |
|    ep_len_mean     | 188      |
|    ep_rew_mean     | -70      |
| time/              |          |
|    fps             | 2291     |
|    iterations      | 1        |
|    time_elapsed    | 28       |
|    total_timesteps | 1572864  |
---------------------------------
Saved generation 24 to /home/jnn.aurich/kuhhandel-ml/rl/train/itp/models/selfplay_pool/gen_24
Time elapsed: 28.51 mins

--- Generation 25 ---
---------------------------------
| rollout/           |          |
|    ep_len_mean     | 190      |
|    ep_rew_mean     | -74      |
| time/              |          |
|    fps             | 2305     |
|    iterations      | 1        |
|    time_elapsed    | 28       |
|    total_timesteps | 1638400  |
---------------------------------
Saved generation 25 to /home/jnn.aurich/kuhhandel-ml/rl/train/itp/models/selfplay_pool/gen_25
Time elapsed: 29.69 mins

--- Generation 26 ---
---------------------------------
| rollout/           |          |
|    ep_len_mean     | 192      |
|    ep_rew_mean     | -66.3    |
| time/              |          |
|    fps             | 2350     |
|    iterations      | 1        |
|    time_elapsed    | 27       |
|    total_timesteps | 1703936  |
---------------------------------
Saved generation 26 to /home/jnn.aurich/kuhhandel-ml/rl/train/itp/models/selfplay_pool/gen_26
Time elapsed: 30.86 mins

--- Generation 27 ---
---------------------------------
| rollout/           |          |
|    ep_len_mean     | 195      |
|    ep_rew_mean     | -69.2    |
| time/              |          |
|    fps             | 2320     |
|    iterations      | 1        |
|    time_elapsed    | 28       |
|    total_timesteps | 1769472  |
---------------------------------
Saved generation 27 to /home/jnn.aurich/kuhhandel-ml/rl/train/itp/models/selfplay_pool/gen_27
Time elapsed: 32.04 mins

--- Generation 28 ---
---------------------------------
| rollout/           |          |
|    ep_len_mean     | 194      |
|    ep_rew_mean     | -66.6    |
| time/              |          |
|    fps             | 2336     |
|    iterations      | 1        |
|    time_elapsed    | 28       |
|    total_timesteps | 1835008  |
---------------------------------
Saved generation 28 to /home/jnn.aurich/kuhhandel-ml/rl/train/itp/models/selfplay_pool/gen_28
Time elapsed: 33.23 mins

--- Generation 29 ---
---------------------------------
| rollout/           |          |
|    ep_len_mean     | 191      |
|    ep_rew_mean     | -65.7    |
| time/              |          |
|    fps             | 2285     |
|    iterations      | 1        |
|    time_elapsed    | 28       |
|    total_timesteps | 1900544  |
---------------------------------
Saved generation 29 to /home/jnn.aurich/kuhhandel-ml/rl/train/itp/models/selfplay_pool/gen_29
Time elapsed: 34.42 mins

--- Generation 30 ---
---------------------------------
| rollout/           |          |
|    ep_len_mean     | 193      |
|    ep_rew_mean     | -63.5    |
| time/              |          |
|    fps             | 2293     |
|    iterations      | 1        |
|    time_elapsed    | 28       |
|    total_timesteps | 1966080  |
---------------------------------
Saved generation 30 to /home/jnn.aurich/kuhhandel-ml/rl/train/itp/models/selfplay_pool/gen_0
Time elapsed: 35.61 mins

--- Generation 31 ---
---------------------------------
| rollout/           |          |
|    ep_len_mean     | 191      |
|    ep_rew_mean     | -67.2    |
| time/              |          |
|    fps             | 2341     |
|    iterations      | 1        |
|    time_elapsed    | 27       |
|    total_timesteps | 2031616  |
---------------------------------
Saved generation 31 to /home/jnn.aurich/kuhhandel-ml/rl/train/itp/models/selfplay_pool/gen_1
Time elapsed: 36.79 mins

--- Generation 32 ---
---------------------------------
| rollout/           |          |
|    ep_len_mean     | 192      |
|    ep_rew_mean     | -70.7    |
| time/              |          |
|    fps             | 2334     |
|    iterations      | 1        |
|    time_elapsed    | 28       |
|    total_timesteps | 2097152  |
---------------------------------
Saved generation 32 to /home/jnn.aurich/kuhhandel-ml/rl/train/itp/models/selfplay_pool/gen_2
Time elapsed: 37.97 mins

--- Generation 33 ---
---------------------------------
| rollout/           |          |
|    ep_len_mean     | 192      |
|    ep_rew_mean     | -69.6    |
| time/              |          |
|    fps             | 2429     |
|    iterations      | 1        |
|    time_elapsed    | 26       |
|    total_timesteps | 2162688  |
---------------------------------
Saved generation 33 to /home/jnn.aurich/kuhhandel-ml/rl/train/itp/models/selfplay_pool/gen_3
Time elapsed: 39.13 mins

--- Generation 34 ---
---------------------------------
| rollout/           |          |
|    ep_len_mean     | 198      |
|    ep_rew_mean     | -76.2    |
| time/              |          |
|    fps             | 2453     |
|    iterations      | 1        |
|    time_elapsed    | 26       |
|    total_timesteps | 2228224  |
---------------------------------
Saved generation 34 to /home/jnn.aurich/kuhhandel-ml/rl/train/itp/models/selfplay_pool/gen_4
Time elapsed: 40.29 mins

--- Generation 35 ---
---------------------------------
| rollout/           |          |
|    ep_len_mean     | 188      |
|    ep_rew_mean     | -61      |
| time/              |          |
|    fps             | 2466     |
|    iterations      | 1        |
|    time_elapsed    | 26       |
|    total_timesteps | 2293760  |
---------------------------------
