Starting Self-Play Training with 32 parallel environments...

--- Generation 1 ---
---------------------------------
| rollout/           |          |
|    ep_len_mean     | 157      |
|    ep_rew_mean     | -2.49    |
| time/              |          |
|    fps             | 1648     |
|    iterations      | 1        |
|    time_elapsed    | 39       |
|    total_timesteps | 10387456 |
---------------------------------
Saved generation 1 to /home/jnn.aurich/kuhhandel-ml/rl/train/itp/models/selfplay_pool/gen_1
Time elapsed: 1.43 mins

--- Generation 2 ---
---------------------------------
| rollout/           |          |
|    ep_len_mean     | 158      |
|    ep_rew_mean     | -0.00806 |
| time/              |          |
|    fps             | 1973     |
|    iterations      | 1        |
|    time_elapsed    | 33       |
|    total_timesteps | 10452992 |
---------------------------------
Saved generation 2 to /home/jnn.aurich/kuhhandel-ml/rl/train/itp/models/selfplay_pool/gen_2
Time elapsed: 2.78 mins

--- Generation 3 ---
---------------------------------
| rollout/           |          |
|    ep_len_mean     | 158      |
|    ep_rew_mean     | 1.17     |
| time/              |          |
|    fps             | 2133     |
|    iterations      | 1        |
|    time_elapsed    | 30       |
|    total_timesteps | 10518528 |
---------------------------------
Saved generation 3 to /home/jnn.aurich/kuhhandel-ml/rl/train/itp/models/selfplay_pool/gen_3
Time elapsed: 4.06 mins

--- Generation 4 ---
---------------------------------
| rollout/           |          |
|    ep_len_mean     | 156      |
|    ep_rew_mean     | 3.01     |
| time/              |          |
|    fps             | 2185     |
|    iterations      | 1        |
|    time_elapsed    | 29       |
|    total_timesteps | 10584064 |
---------------------------------
Saved generation 4 to /home/jnn.aurich/kuhhandel-ml/rl/train/itp/models/selfplay_pool/gen_4
Time elapsed: 5.32 mins

--- Generation 5 ---
---------------------------------
| rollout/           |          |
|    ep_len_mean     | 156      |
|    ep_rew_mean     | 4.55     |
| time/              |          |
|    fps             | 2184     |
|    iterations      | 1        |
|    time_elapsed    | 30       |
|    total_timesteps | 10649600 |
---------------------------------
Saved generation 5 to /home/jnn.aurich/kuhhandel-ml/rl/train/itp/models/selfplay_pool/gen_5
Time elapsed: 6.61 mins

--- Generation 6 ---
---------------------------------
| rollout/           |          |
|    ep_len_mean     | 151      |
|    ep_rew_mean     | 3.24     |
| time/              |          |
|    fps             | 2227     |
|    iterations      | 1        |
|    time_elapsed    | 29       |
|    total_timesteps | 10715136 |
---------------------------------
Saved generation 6 to /home/jnn.aurich/kuhhandel-ml/rl/train/itp/models/selfplay_pool/gen_6
Time elapsed: 7.88 mins

--- Generation 7 ---
---------------------------------
| rollout/           |          |
|    ep_len_mean     | 152      |
|    ep_rew_mean     | 3.69     |
| time/              |          |
|    fps             | 2255     |
|    iterations      | 1        |
|    time_elapsed    | 29       |
|    total_timesteps | 10780672 |
---------------------------------
Saved generation 7 to /home/jnn.aurich/kuhhandel-ml/rl/train/itp/models/selfplay_pool/gen_7
Time elapsed: 9.21 mins

--- Generation 8 ---
---------------------------------
| rollout/           |          |
|    ep_len_mean     | 152      |
|    ep_rew_mean     | 4.85     |
| time/              |          |
|    fps             | 2280     |
|    iterations      | 1        |
|    time_elapsed    | 28       |
|    total_timesteps | 10846208 |
---------------------------------
Saved generation 8 to /home/jnn.aurich/kuhhandel-ml/rl/train/itp/models/selfplay_pool/gen_8
Time elapsed: 10.57 mins

--- Generation 9 ---
---------------------------------
| rollout/           |          |
|    ep_len_mean     | 153      |
|    ep_rew_mean     | 5.09     |
| time/              |          |
|    fps             | 2223     |
|    iterations      | 1        |
|    time_elapsed    | 29       |
|    total_timesteps | 10911744 |
---------------------------------
Saved generation 9 to /home/jnn.aurich/kuhhandel-ml/rl/train/itp/models/selfplay_pool/gen_9
Time elapsed: 11.94 mins

--- Generation 10 ---
---------------------------------
| rollout/           |          |
|    ep_len_mean     | 150      |
|    ep_rew_mean     | 5.88     |
| time/              |          |
|    fps             | 2233     |
|    iterations      | 1        |
|    time_elapsed    | 29       |
|    total_timesteps | 10977280 |
---------------------------------
Saved generation 10 to /home/jnn.aurich/kuhhandel-ml/rl/train/itp/models/selfplay_pool/gen_10
Time elapsed: 13.40 mins

--- Generation 11 ---
---------------------------------
| rollout/           |          |
|    ep_len_mean     | 149      |
|    ep_rew_mean     | 5.57     |
| time/              |          |
|    fps             | 2252     |
|    iterations      | 1        |
|    time_elapsed    | 29       |
|    total_timesteps | 11042816 |
---------------------------------
Saved generation 11 to /home/jnn.aurich/kuhhandel-ml/rl/train/itp/models/selfplay_pool/gen_11
Time elapsed: 14.87 mins

--- Generation 12 ---
---------------------------------
| rollout/           |          |
|    ep_len_mean     | 152      |
|    ep_rew_mean     | 6.07     |
| time/              |          |
|    fps             | 2250     |
|    iterations      | 1        |
|    time_elapsed    | 29       |
|    total_timesteps | 11108352 |
---------------------------------
Saved generation 12 to /home/jnn.aurich/kuhhandel-ml/rl/train/itp/models/selfplay_pool/gen_12
Time elapsed: 16.37 mins

--- Generation 13 ---
---------------------------------
| rollout/           |          |
|    ep_len_mean     | 150      |
|    ep_rew_mean     | 5.27     |
| time/              |          |
|    fps             | 2239     |
|    iterations      | 1        |
|    time_elapsed    | 29       |
|    total_timesteps | 11173888 |
---------------------------------
Saved generation 13 to /home/jnn.aurich/kuhhandel-ml/rl/train/itp/models/selfplay_pool/gen_13
Time elapsed: 17.92 mins

--- Generation 14 ---
---------------------------------
| rollout/           |          |
|    ep_len_mean     | 148      |
|    ep_rew_mean     | 5.1      |
| time/              |          |
|    fps             | 2248     |
|    iterations      | 1        |
|    time_elapsed    | 29       |
|    total_timesteps | 11239424 |
---------------------------------
Saved generation 14 to /home/jnn.aurich/kuhhandel-ml/rl/train/itp/models/selfplay_pool/gen_14
Time elapsed: 19.47 mins

--- Generation 15 ---
---------------------------------
| rollout/           |          |
|    ep_len_mean     | 151      |
|    ep_rew_mean     | 5.06     |
| time/              |          |
|    fps             | 2259     |
|    iterations      | 1        |
|    time_elapsed    | 29       |
|    total_timesteps | 11304960 |
---------------------------------
Saved generation 15 to /home/jnn.aurich/kuhhandel-ml/rl/train/itp/models/selfplay_pool/gen_15
Time elapsed: 20.96 mins

--- Generation 16 ---
---------------------------------
| rollout/           |          |
|    ep_len_mean     | 150      |
|    ep_rew_mean     | 5.97     |
| time/              |          |
|    fps             | 2253     |
|    iterations      | 1        |
|    time_elapsed    | 29       |
|    total_timesteps | 11370496 |
---------------------------------
Saved generation 16 to /home/jnn.aurich/kuhhandel-ml/rl/train/itp/models/selfplay_pool/gen_16
Time elapsed: 22.52 mins

--- Generation 17 ---
---------------------------------
| rollout/           |          |
|    ep_len_mean     | 146      |
|    ep_rew_mean     | 5.59     |
| time/              |          |
|    fps             | 2244     |
|    iterations      | 1        |
|    time_elapsed    | 29       |
|    total_timesteps | 11436032 |
---------------------------------
Saved generation 17 to /home/jnn.aurich/kuhhandel-ml/rl/train/itp/models/selfplay_pool/gen_17
Time elapsed: 24.05 mins

--- Generation 18 ---
---------------------------------
| rollout/           |          |
|    ep_len_mean     | 150      |
|    ep_rew_mean     | 5.34     |
| time/              |          |
|    fps             | 2259     |
|    iterations      | 1        |
|    time_elapsed    | 29       |
|    total_timesteps | 11501568 |
---------------------------------
Saved generation 18 to /home/jnn.aurich/kuhhandel-ml/rl/train/itp/models/selfplay_pool/gen_18
Time elapsed: 25.60 mins

--- Generation 19 ---
---------------------------------
| rollout/           |          |
|    ep_len_mean     | 147      |
|    ep_rew_mean     | 6.27     |
| time/              |          |
|    fps             | 2232     |
|    iterations      | 1        |
|    time_elapsed    | 29       |
|    total_timesteps | 11567104 |
---------------------------------
Saved generation 19 to /home/jnn.aurich/kuhhandel-ml/rl/train/itp/models/selfplay_pool/gen_19
Time elapsed: 27.17 mins

--- Generation 20 ---
---------------------------------
| rollout/           |          |
|    ep_len_mean     | 147      |
|    ep_rew_mean     | 6.12     |
| time/              |          |
|    fps             | 2213     |
|    iterations      | 1        |
|    time_elapsed    | 29       |
|    total_timesteps | 11632640 |
---------------------------------
Saved generation 20 to /home/jnn.aurich/kuhhandel-ml/rl/train/itp/models/selfplay_pool/gen_20
Time elapsed: 28.76 mins

--- Generation 21 ---
---------------------------------
| rollout/           |          |
|    ep_len_mean     | 149      |
|    ep_rew_mean     | 6.2      |
| time/              |          |
|    fps             | 2222     |
|    iterations      | 1        |
|    time_elapsed    | 29       |
|    total_timesteps | 11698176 |
---------------------------------
Saved generation 21 to /home/jnn.aurich/kuhhandel-ml/rl/train/itp/models/selfplay_pool/gen_21
Time elapsed: 30.36 mins

--- Generation 22 ---
---------------------------------
| rollout/           |          |
|    ep_len_mean     | 148      |
|    ep_rew_mean     | 7.08     |
| time/              |          |
|    fps             | 2262     |
|    iterations      | 1        |
|    time_elapsed    | 28       |
|    total_timesteps | 11763712 |
---------------------------------
Saved generation 22 to /home/jnn.aurich/kuhhandel-ml/rl/train/itp/models/selfplay_pool/gen_22
Time elapsed: 31.95 mins

--- Generation 23 ---
---------------------------------
| rollout/           |          |
|    ep_len_mean     | 148      |
|    ep_rew_mean     | 6.39     |
| time/              |          |
|    fps             | 2272     |
|    iterations      | 1        |
|    time_elapsed    | 28       |
|    total_timesteps | 11829248 |
---------------------------------
Saved generation 23 to /home/jnn.aurich/kuhhandel-ml/rl/train/itp/models/selfplay_pool/gen_23
Time elapsed: 33.54 mins

--- Generation 24 ---
---------------------------------
| rollout/           |          |
|    ep_len_mean     | 145      |
|    ep_rew_mean     | 7.02     |
| time/              |          |
|    fps             | 2250     |
|    iterations      | 1        |
|    time_elapsed    | 29       |
|    total_timesteps | 11894784 |
---------------------------------
Saved generation 24 to /home/jnn.aurich/kuhhandel-ml/rl/train/itp/models/selfplay_pool/gen_24
Time elapsed: 35.12 mins

--- Generation 25 ---
---------------------------------
| rollout/           |          |
|    ep_len_mean     | 148      |
|    ep_rew_mean     | 7.47     |
| time/              |          |
|    fps             | 2244     |
|    iterations      | 1        |
|    time_elapsed    | 29       |
|    total_timesteps | 11960320 |
---------------------------------
Saved generation 25 to /home/jnn.aurich/kuhhandel-ml/rl/train/itp/models/selfplay_pool/gen_25
Time elapsed: 36.72 mins

--- Generation 26 ---
---------------------------------
| rollout/           |          |
|    ep_len_mean     | 147      |
|    ep_rew_mean     | 7.28     |
| time/              |          |
|    fps             | 2259     |
|    iterations      | 1        |
|    time_elapsed    | 29       |
|    total_timesteps | 12025856 |
---------------------------------
Saved generation 26 to /home/jnn.aurich/kuhhandel-ml/rl/train/itp/models/selfplay_pool/gen_26
Time elapsed: 38.32 mins

--- Generation 27 ---
---------------------------------
| rollout/           |          |
|    ep_len_mean     | 146      |
|    ep_rew_mean     | 7.63     |
| time/              |          |
|    fps             | 2280     |
|    iterations      | 1        |
|    time_elapsed    | 28       |
|    total_timesteps | 12091392 |
---------------------------------
Saved generation 27 to /home/jnn.aurich/kuhhandel-ml/rl/train/itp/models/selfplay_pool/gen_27
Time elapsed: 40.03 mins

--- Generation 28 ---
---------------------------------
| rollout/           |          |
|    ep_len_mean     | 150      |
|    ep_rew_mean     | 7.18     |
| time/              |          |
|    fps             | 2307     |
|    iterations      | 1        |
|    time_elapsed    | 28       |
|    total_timesteps | 12156928 |
---------------------------------
Saved generation 28 to /home/jnn.aurich/kuhhandel-ml/rl/train/itp/models/selfplay_pool/gen_28
Time elapsed: 41.76 mins

--- Generation 29 ---
---------------------------------
| rollout/           |          |
|    ep_len_mean     | 149      |
|    ep_rew_mean     | 7.76     |
| time/              |          |
|    fps             | 2243     |
|    iterations      | 1        |
|    time_elapsed    | 29       |
|    total_timesteps | 12222464 |
---------------------------------
Saved generation 29 to /home/jnn.aurich/kuhhandel-ml/rl/train/itp/models/selfplay_pool/gen_29
Time elapsed: 43.54 mins

--- Generation 30 ---
---------------------------------
| rollout/           |          |
|    ep_len_mean     | 147      |
|    ep_rew_mean     | 7.55     |
| time/              |          |
|    fps             | 2276     |
|    iterations      | 1        |
|    time_elapsed    | 28       |
|    total_timesteps | 12288000 |
---------------------------------
Saved generation 30 to /home/jnn.aurich/kuhhandel-ml/rl/train/itp/models/selfplay_pool/gen_0
Time elapsed: 45.39 mins

--- Generation 31 ---
---------------------------------
| rollout/           |          |
|    ep_len_mean     | 150      |
|    ep_rew_mean     | 8.3      |
| time/              |          |
|    fps             | 2294     |
|    iterations      | 1        |
|    time_elapsed    | 28       |
|    total_timesteps | 12353536 |
---------------------------------
Saved generation 31 to /home/jnn.aurich/kuhhandel-ml/rl/train/itp/models/selfplay_pool/gen_1
Time elapsed: 47.23 mins

--- Generation 32 ---
---------------------------------
| rollout/           |          |
|    ep_len_mean     | 150      |
|    ep_rew_mean     | 7.18     |
| time/              |          |
|    fps             | 2269     |
|    iterations      | 1        |
|    time_elapsed    | 28       |
|    total_timesteps | 12419072 |
---------------------------------
Saved generation 32 to /home/jnn.aurich/kuhhandel-ml/rl/train/itp/models/selfplay_pool/gen_2
Time elapsed: 49.09 mins

--- Generation 33 ---
---------------------------------
| rollout/           |          |
|    ep_len_mean     | 149      |
|    ep_rew_mean     | 7.11     |
| time/              |          |
|    fps             | 2281     |
|    iterations      | 1        |
|    time_elapsed    | 28       |
|    total_timesteps | 12484608 |
---------------------------------
Saved generation 33 to /home/jnn.aurich/kuhhandel-ml/rl/train/itp/models/selfplay_pool/gen_3
Time elapsed: 51.08 mins

--- Generation 34 ---
---------------------------------
| rollout/           |          |
|    ep_len_mean     | 149      |
|    ep_rew_mean     | 7.21     |
| time/              |          |
|    fps             | 2304     |
|    iterations      | 1        |
|    time_elapsed    | 28       |
|    total_timesteps | 12550144 |
---------------------------------
Saved generation 34 to /home/jnn.aurich/kuhhandel-ml/rl/train/itp/models/selfplay_pool/gen_4
Time elapsed: 53.01 mins

--- Generation 35 ---
---------------------------------
| rollout/           |          |
|    ep_len_mean     | 148      |
|    ep_rew_mean     | 8.01     |
| time/              |          |
|    fps             | 2296     |
|    iterations      | 1        |
|    time_elapsed    | 28       |
|    total_timesteps | 12615680 |
---------------------------------
Saved generation 35 to /home/jnn.aurich/kuhhandel-ml/rl/train/itp/models/selfplay_pool/gen_5
Time elapsed: 54.92 mins

--- Generation 36 ---
---------------------------------
| rollout/           |          |
|    ep_len_mean     | 148      |
|    ep_rew_mean     | 7.82     |
| time/              |          |
|    fps             | 2299     |
|    iterations      | 1        |
|    time_elapsed    | 28       |
|    total_timesteps | 12681216 |
---------------------------------
Saved generation 36 to /home/jnn.aurich/kuhhandel-ml/rl/train/itp/models/selfplay_pool/gen_6
Time elapsed: 56.87 mins

--- Generation 37 ---
---------------------------------
| rollout/           |          |
|    ep_len_mean     | 149      |
|    ep_rew_mean     | 8.15     |
| time/              |          |
|    fps             | 2318     |
|    iterations      | 1        |
|    time_elapsed    | 28       |
|    total_timesteps | 12746752 |
---------------------------------
Saved generation 37 to /home/jnn.aurich/kuhhandel-ml/rl/train/itp/models/selfplay_pool/gen_7
Time elapsed: 58.90 mins

--- Generation 38 ---
---------------------------------
| rollout/           |          |
|    ep_len_mean     | 148      |
|    ep_rew_mean     | 8.44     |
| time/              |          |
|    fps             | 2316     |
|    iterations      | 1        |
|    time_elapsed    | 28       |
|    total_timesteps | 12812288 |
---------------------------------
Saved generation 38 to /home/jnn.aurich/kuhhandel-ml/rl/train/itp/models/selfplay_pool/gen_8
Time elapsed: 60.94 mins

--- Generation 39 ---
---------------------------------
| rollout/           |          |
|    ep_len_mean     | 149      |
|    ep_rew_mean     | 8.55     |
| time/              |          |
|    fps             | 2309     |
|    iterations      | 1        |
|    time_elapsed    | 28       |
|    total_timesteps | 12877824 |
---------------------------------
Saved generation 39 to /home/jnn.aurich/kuhhandel-ml/rl/train/itp/models/selfplay_pool/gen_9
Time elapsed: 62.87 mins

--- Generation 40 ---
---------------------------------
| rollout/           |          |
|    ep_len_mean     | 147      |
|    ep_rew_mean     | 7.96     |
| time/              |          |
|    fps             | 2299     |
|    iterations      | 1        |
|    time_elapsed    | 28       |
|    total_timesteps | 12943360 |
---------------------------------
Saved generation 40 to /home/jnn.aurich/kuhhandel-ml/rl/train/itp/models/selfplay_pool/gen_10
Time elapsed: 64.89 mins

--- Generation 41 ---
---------------------------------
| rollout/           |          |
|    ep_len_mean     | 148      |
|    ep_rew_mean     | 7.79     |
| time/              |          |
|    fps             | 2311     |
|    iterations      | 1        |
|    time_elapsed    | 28       |
|    total_timesteps | 13008896 |
---------------------------------
Saved generation 41 to /home/jnn.aurich/kuhhandel-ml/rl/train/itp/models/selfplay_pool/gen_11
Time elapsed: 66.87 mins

--- Generation 42 ---
---------------------------------
| rollout/           |          |
|    ep_len_mean     | 149      |
|    ep_rew_mean     | 7.37     |
| time/              |          |
|    fps             | 2307     |
|    iterations      | 1        |
|    time_elapsed    | 28       |
|    total_timesteps | 13074432 |
---------------------------------
Saved generation 42 to /home/jnn.aurich/kuhhandel-ml/rl/train/itp/models/selfplay_pool/gen_12
Time elapsed: 68.94 mins

--- Generation 43 ---
---------------------------------
| rollout/           |          |
|    ep_len_mean     | 147      |
|    ep_rew_mean     | 7.56     |
| time/              |          |
|    fps             | 2313     |
|    iterations      | 1        |
|    time_elapsed    | 28       |
|    total_timesteps | 13139968 |
---------------------------------
Saved generation 43 to /home/jnn.aurich/kuhhandel-ml/rl/train/itp/models/selfplay_pool/gen_13
Time elapsed: 71.04 mins

--- Generation 44 ---
---------------------------------
| rollout/           |          |
|    ep_len_mean     | 146      |
|    ep_rew_mean     | 6.84     |
| time/              |          |
|    fps             | 2319     |
|    iterations      | 1        |
|    time_elapsed    | 28       |
|    total_timesteps | 13205504 |
---------------------------------
Saved generation 44 to /home/jnn.aurich/kuhhandel-ml/rl/train/itp/models/selfplay_pool/gen_14
Time elapsed: 73.29 mins

--- Generation 45 ---
---------------------------------
| rollout/           |          |
|    ep_len_mean     | 146      |
|    ep_rew_mean     | 7.75     |
| time/              |          |
|    fps             | 2346     |
|    iterations      | 1        |
|    time_elapsed    | 27       |
|    total_timesteps | 13271040 |
---------------------------------
Saved generation 45 to /home/jnn.aurich/kuhhandel-ml/rl/train/itp/models/selfplay_pool/gen_15
Time elapsed: 75.56 mins

--- Generation 46 ---
---------------------------------
| rollout/           |          |
|    ep_len_mean     | 149      |
|    ep_rew_mean     | 8.64     |
| time/              |          |
|    fps             | 2329     |
|    iterations      | 1        |
|    time_elapsed    | 28       |
|    total_timesteps | 13336576 |
---------------------------------
Saved generation 46 to /home/jnn.aurich/kuhhandel-ml/rl/train/itp/models/selfplay_pool/gen_16
Time elapsed: 77.82 mins

--- Generation 47 ---
---------------------------------
| rollout/           |          |
|    ep_len_mean     | 145      |
|    ep_rew_mean     | 8.7      |
| time/              |          |
|    fps             | 2305     |
|    iterations      | 1        |
|    time_elapsed    | 28       |
|    total_timesteps | 13402112 |
---------------------------------
Saved generation 47 to /home/jnn.aurich/kuhhandel-ml/rl/train/itp/models/selfplay_pool/gen_17
Time elapsed: 80.15 mins

--- Generation 48 ---
---------------------------------
| rollout/           |          |
|    ep_len_mean     | 145      |
|    ep_rew_mean     | 8.28     |
| time/              |          |
|    fps             | 2325     |
|    iterations      | 1        |
|    time_elapsed    | 28       |
|    total_timesteps | 13467648 |
---------------------------------
Saved generation 48 to /home/jnn.aurich/kuhhandel-ml/rl/train/itp/models/selfplay_pool/gen_18
Time elapsed: 82.43 mins

--- Generation 49 ---
---------------------------------
| rollout/           |          |
|    ep_len_mean     | 146      |
|    ep_rew_mean     | 8.71     |
| time/              |          |
|    fps             | 2333     |
|    iterations      | 1        |
|    time_elapsed    | 28       |
|    total_timesteps | 13533184 |
---------------------------------
Saved generation 49 to /home/jnn.aurich/kuhhandel-ml/rl/train/itp/models/selfplay_pool/gen_19
Time elapsed: 84.69 mins

--- Generation 50 ---
---------------------------------
| rollout/           |          |
|    ep_len_mean     | 148      |
|    ep_rew_mean     | 9.09     |
| time/              |          |
|    fps             | 2305     |
|    iterations      | 1        |
|    time_elapsed    | 28       |
|    total_timesteps | 13598720 |
---------------------------------
Saved generation 50 to /home/jnn.aurich/kuhhandel-ml/rl/train/itp/models/selfplay_pool/gen_20
Time elapsed: 86.96 mins

--- Generation 51 ---
---------------------------------
| rollout/           |          |
|    ep_len_mean     | 147      |
|    ep_rew_mean     | 8.98     |
| time/              |          |
|    fps             | 2358     |
|    iterations      | 1        |
|    time_elapsed    | 27       |
|    total_timesteps | 13664256 |
---------------------------------
Saved generation 51 to /home/jnn.aurich/kuhhandel-ml/rl/train/itp/models/selfplay_pool/gen_21
Time elapsed: 89.34 mins

--- Generation 52 ---
---------------------------------
| rollout/           |          |
|    ep_len_mean     | 150      |
|    ep_rew_mean     | 9.27     |
| time/              |          |
|    fps             | 2338     |
|    iterations      | 1        |
|    time_elapsed    | 28       |
|    total_timesteps | 13729792 |
---------------------------------
Saved generation 52 to /home/jnn.aurich/kuhhandel-ml/rl/train/itp/models/selfplay_pool/gen_22
Time elapsed: 91.70 mins

--- Generation 53 ---
---------------------------------
| rollout/           |          |
|    ep_len_mean     | 150      |
|    ep_rew_mean     | 8.78     |
| time/              |          |
|    fps             | 2331     |
|    iterations      | 1        |
|    time_elapsed    | 28       |
|    total_timesteps | 13795328 |
---------------------------------
Saved generation 53 to /home/jnn.aurich/kuhhandel-ml/rl/train/itp/models/selfplay_pool/gen_23
Time elapsed: 94.06 mins

--- Generation 54 ---
---------------------------------
| rollout/           |          |
|    ep_len_mean     | 149      |
|    ep_rew_mean     | 8.07     |
| time/              |          |
|    fps             | 2372     |
|    iterations      | 1        |
|    time_elapsed    | 27       |
|    total_timesteps | 13860864 |
---------------------------------
Saved generation 54 to /home/jnn.aurich/kuhhandel-ml/rl/train/itp/models/selfplay_pool/gen_24
Time elapsed: 96.51 mins

--- Generation 55 ---
---------------------------------
| rollout/           |          |
|    ep_len_mean     | 148      |
|    ep_rew_mean     | 8.92     |
| time/              |          |
|    fps             | 2356     |
|    iterations      | 1        |
|    time_elapsed    | 27       |
|    total_timesteps | 13926400 |
---------------------------------
Saved generation 55 to /home/jnn.aurich/kuhhandel-ml/rl/train/itp/models/selfplay_pool/gen_25
Time elapsed: 98.90 mins

--- Generation 56 ---
---------------------------------
| rollout/           |          |
|    ep_len_mean     | 148      |
|    ep_rew_mean     | 8.28     |
| time/              |          |
|    fps             | 2316     |
|    iterations      | 1        |
|    time_elapsed    | 28       |
|    total_timesteps | 13991936 |
---------------------------------
Saved generation 56 to /home/jnn.aurich/kuhhandel-ml/rl/train/itp/models/selfplay_pool/gen_26
Time elapsed: 101.38 mins

--- Generation 57 ---
---------------------------------
| rollout/           |          |
|    ep_len_mean     | 149      |
|    ep_rew_mean     | 8.17     |
| time/              |          |
|    fps             | 2332     |
|    iterations      | 1        |
|    time_elapsed    | 28       |
|    total_timesteps | 14057472 |
---------------------------------
Saved generation 57 to /home/jnn.aurich/kuhhandel-ml/rl/train/itp/models/selfplay_pool/gen_27
Time elapsed: 103.84 mins

--- Generation 58 ---
---------------------------------
| rollout/           |          |
|    ep_len_mean     | 149      |
|    ep_rew_mean     | 8.91     |
| time/              |          |
|    fps             | 2330     |
|    iterations      | 1        |
|    time_elapsed    | 28       |
|    total_timesteps | 14123008 |
---------------------------------
Saved generation 58 to /home/jnn.aurich/kuhhandel-ml/rl/train/itp/models/selfplay_pool/gen_28
Time elapsed: 106.36 mins

--- Generation 59 ---
---------------------------------
| rollout/           |          |
|    ep_len_mean     | 148      |
|    ep_rew_mean     | 9.71     |
| time/              |          |
|    fps             | 2357     |
|    iterations      | 1        |
|    time_elapsed    | 27       |
|    total_timesteps | 14188544 |
---------------------------------
Saved generation 59 to /home/jnn.aurich/kuhhandel-ml/rl/train/itp/models/selfplay_pool/gen_29
Time elapsed: 108.85 mins

--- Generation 60 ---
---------------------------------
| rollout/           |          |
|    ep_len_mean     | 148      |
|    ep_rew_mean     | 8.99     |
| time/              |          |
|    fps             | 2347     |
|    iterations      | 1        |
|    time_elapsed    | 27       |
|    total_timesteps | 14254080 |
---------------------------------
Saved generation 60 to /home/jnn.aurich/kuhhandel-ml/rl/train/itp/models/selfplay_pool/gen_0
Time elapsed: 111.27 mins

--- Generation 61 ---
---------------------------------
| rollout/           |          |
|    ep_len_mean     | 150      |
|    ep_rew_mean     | 8.55     |
| time/              |          |
|    fps             | 2340     |
|    iterations      | 1        |
|    time_elapsed    | 28       |
|    total_timesteps | 14319616 |
---------------------------------
Saved generation 61 to /home/jnn.aurich/kuhhandel-ml/rl/train/itp/models/selfplay_pool/gen_1
Time elapsed: 113.70 mins

--- Generation 62 ---
---------------------------------
| rollout/           |          |
|    ep_len_mean     | 151      |
|    ep_rew_mean     | 8.6      |
| time/              |          |
|    fps             | 2388     |
|    iterations      | 1        |
|    time_elapsed    | 27       |
|    total_timesteps | 14385152 |
---------------------------------
Saved generation 62 to /home/jnn.aurich/kuhhandel-ml/rl/train/itp/models/selfplay_pool/gen_2
Time elapsed: 116.22 mins

--- Generation 63 ---
---------------------------------
| rollout/           |          |
|    ep_len_mean     | 153      |
|    ep_rew_mean     | 9.19     |
| time/              |          |
|    fps             | 2350     |
|    iterations      | 1        |
|    time_elapsed    | 27       |
|    total_timesteps | 14450688 |
---------------------------------
Saved generation 63 to /home/jnn.aurich/kuhhandel-ml/rl/train/itp/models/selfplay_pool/gen_3
Time elapsed: 118.66 mins

--- Generation 64 ---
---------------------------------
| rollout/           |          |
|    ep_len_mean     | 152      |
|    ep_rew_mean     | 8.77     |
| time/              |          |
|    fps             | 2373     |
|    iterations      | 1        |
|    time_elapsed    | 27       |
|    total_timesteps | 14516224 |
---------------------------------
Saved generation 64 to /home/jnn.aurich/kuhhandel-ml/rl/train/itp/models/selfplay_pool/gen_4
Time elapsed: 121.19 mins

--- Generation 65 ---
---------------------------------
| rollout/           |          |
|    ep_len_mean     | 151      |
|    ep_rew_mean     | 8.58     |
| time/              |          |
|    fps             | 2387     |
|    iterations      | 1        |
|    time_elapsed    | 27       |
|    total_timesteps | 14581760 |
---------------------------------
Saved generation 65 to /home/jnn.aurich/kuhhandel-ml/rl/train/itp/models/selfplay_pool/gen_5
Time elapsed: 123.81 mins

--- Generation 66 ---
---------------------------------
| rollout/           |          |
|    ep_len_mean     | 152      |
|    ep_rew_mean     | 8.81     |
| time/              |          |
|    fps             | 2324     |
|    iterations      | 1        |
|    time_elapsed    | 28       |
|    total_timesteps | 14647296 |
---------------------------------
Saved generation 66 to /home/jnn.aurich/kuhhandel-ml/rl/train/itp/models/selfplay_pool/gen_6
Time elapsed: 126.42 mins

--- Generation 67 ---
---------------------------------
| rollout/           |          |
|    ep_len_mean     | 151      |
|    ep_rew_mean     | 9.12     |
| time/              |          |
|    fps             | 2337     |
|    iterations      | 1        |
|    time_elapsed    | 28       |
|    total_timesteps | 14712832 |
---------------------------------
Saved generation 67 to /home/jnn.aurich/kuhhandel-ml/rl/train/itp/models/selfplay_pool/gen_7
Time elapsed: 129.03 mins

--- Generation 68 ---
---------------------------------
| rollout/           |          |
|    ep_len_mean     | 150      |
|    ep_rew_mean     | 9.38     |
| time/              |          |
|    fps             | 2377     |
|    iterations      | 1        |
|    time_elapsed    | 27       |
|    total_timesteps | 14778368 |
---------------------------------
Saved generation 68 to /home/jnn.aurich/kuhhandel-ml/rl/train/itp/models/selfplay_pool/gen_8
Time elapsed: 131.65 mins

--- Generation 69 ---
---------------------------------
| rollout/           |          |
|    ep_len_mean     | 152      |
|    ep_rew_mean     | 9.17     |
| time/              |          |
|    fps             | 2383     |
|    iterations      | 1        |
|    time_elapsed    | 27       |
|    total_timesteps | 14843904 |
---------------------------------
Saved generation 69 to /home/jnn.aurich/kuhhandel-ml/rl/train/itp/models/selfplay_pool/gen_9
Time elapsed: 134.21 mins

--- Generation 70 ---
---------------------------------
| rollout/           |          |
|    ep_len_mean     | 149      |
|    ep_rew_mean     | 9.19     |
| time/              |          |
|    fps             | 2343     |
|    iterations      | 1        |
|    time_elapsed    | 27       |
|    total_timesteps | 14909440 |
---------------------------------
Saved generation 70 to /home/jnn.aurich/kuhhandel-ml/rl/train/itp/models/selfplay_pool/gen_10
Time elapsed: 136.80 mins

--- Generation 71 ---
---------------------------------
| rollout/           |          |
|    ep_len_mean     | 150      |
|    ep_rew_mean     | 9.11     |
| time/              |          |
|    fps             | 2326     |
|    iterations      | 1        |
|    time_elapsed    | 28       |
|    total_timesteps | 14974976 |
---------------------------------
Saved generation 71 to /home/jnn.aurich/kuhhandel-ml/rl/train/itp/models/selfplay_pool/gen_11
Time elapsed: 139.41 mins

--- Generation 72 ---
---------------------------------
| rollout/           |          |
|    ep_len_mean     | 154      |
|    ep_rew_mean     | 8.82     |
| time/              |          |
|    fps             | 2393     |
|    iterations      | 1        |
|    time_elapsed    | 27       |
|    total_timesteps | 15040512 |
---------------------------------
Saved generation 72 to /home/jnn.aurich/kuhhandel-ml/rl/train/itp/models/selfplay_pool/gen_12
Time elapsed: 141.94 mins

--- Generation 73 ---
---------------------------------
| rollout/           |          |
|    ep_len_mean     | 152      |
|    ep_rew_mean     | 8.9      |
| time/              |          |
|    fps             | 2354     |
|    iterations      | 1        |
|    time_elapsed    | 27       |
|    total_timesteps | 15106048 |
---------------------------------
Saved generation 73 to /home/jnn.aurich/kuhhandel-ml/rl/train/itp/models/selfplay_pool/gen_13
Time elapsed: 144.52 mins

--- Generation 74 ---
---------------------------------
| rollout/           |          |
|    ep_len_mean     | 152      |
|    ep_rew_mean     | 9        |
| time/              |          |
|    fps             | 2327     |
|    iterations      | 1        |
|    time_elapsed    | 28       |
|    total_timesteps | 15171584 |
---------------------------------
Saved generation 74 to /home/jnn.aurich/kuhhandel-ml/rl/train/itp/models/selfplay_pool/gen_14
Time elapsed: 147.19 mins

--- Generation 75 ---
---------------------------------
| rollout/           |          |
|    ep_len_mean     | 153      |
|    ep_rew_mean     | 9.14     |
| time/              |          |
|    fps             | 2333     |
|    iterations      | 1        |
|    time_elapsed    | 28       |
|    total_timesteps | 15237120 |
---------------------------------
Saved generation 75 to /home/jnn.aurich/kuhhandel-ml/rl/train/itp/models/selfplay_pool/gen_15
Time elapsed: 149.87 mins

--- Generation 76 ---
---------------------------------
| rollout/           |          |
|    ep_len_mean     | 151      |
|    ep_rew_mean     | 8.79     |
| time/              |          |
|    fps             | 2342     |
|    iterations      | 1        |
|    time_elapsed    | 27       |
|    total_timesteps | 15302656 |
---------------------------------
Saved generation 76 to /home/jnn.aurich/kuhhandel-ml/rl/train/itp/models/selfplay_pool/gen_16
Time elapsed: 152.53 mins

--- Generation 77 ---
---------------------------------
| rollout/           |          |
|    ep_len_mean     | 151      |
|    ep_rew_mean     | 8.71     |
| time/              |          |
|    fps             | 2361     |
|    iterations      | 1        |
|    time_elapsed    | 27       |
|    total_timesteps | 15368192 |
---------------------------------
Saved generation 77 to /home/jnn.aurich/kuhhandel-ml/rl/train/itp/models/selfplay_pool/gen_17
Time elapsed: 155.29 mins

--- Generation 78 ---
---------------------------------
| rollout/           |          |
|    ep_len_mean     | 153      |
|    ep_rew_mean     | 8.87     |
| time/              |          |
|    fps             | 2355     |
|    iterations      | 1        |
|    time_elapsed    | 27       |
|    total_timesteps | 15433728 |
---------------------------------
Saved generation 78 to /home/jnn.aurich/kuhhandel-ml/rl/train/itp/models/selfplay_pool/gen_18
Time elapsed: 158.00 mins

--- Generation 79 ---
---------------------------------
| rollout/           |          |
|    ep_len_mean     | 153      |
|    ep_rew_mean     | 8.97     |
| time/              |          |
|    fps             | 2390     |
|    iterations      | 1        |
|    time_elapsed    | 27       |
|    total_timesteps | 15499264 |
---------------------------------
Saved generation 79 to /home/jnn.aurich/kuhhandel-ml/rl/train/itp/models/selfplay_pool/gen_19
Time elapsed: 160.65 mins

--- Generation 80 ---
---------------------------------
| rollout/           |          |
|    ep_len_mean     | 152      |
|    ep_rew_mean     | 8.83     |
| time/              |          |
|    fps             | 2357     |
|    iterations      | 1        |
|    time_elapsed    | 27       |
|    total_timesteps | 15564800 |
---------------------------------
Saved generation 80 to /home/jnn.aurich/kuhhandel-ml/rl/train/itp/models/selfplay_pool/gen_20
Time elapsed: 163.34 mins

--- Generation 81 ---
---------------------------------
| rollout/           |          |
|    ep_len_mean     | 153      |
|    ep_rew_mean     | 8.41     |
| time/              |          |
|    fps             | 2393     |
|    iterations      | 1        |
|    time_elapsed    | 27       |
|    total_timesteps | 15630336 |
---------------------------------
Saved generation 81 to /home/jnn.aurich/kuhhandel-ml/rl/train/itp/models/selfplay_pool/gen_21
Time elapsed: 166.04 mins

--- Generation 82 ---
---------------------------------
| rollout/           |          |
|    ep_len_mean     | 149      |
|    ep_rew_mean     | 9.44     |
| time/              |          |
|    fps             | 2364     |
|    iterations      | 1        |
|    time_elapsed    | 27       |
|    total_timesteps | 15695872 |
---------------------------------
Saved generation 82 to /home/jnn.aurich/kuhhandel-ml/rl/train/itp/models/selfplay_pool/gen_22
Time elapsed: 168.82 mins

--- Generation 83 ---
---------------------------------
| rollout/           |          |
|    ep_len_mean     | 154      |
|    ep_rew_mean     | 8.96     |
| time/              |          |
|    fps             | 2356     |
|    iterations      | 1        |
|    time_elapsed    | 27       |
|    total_timesteps | 15761408 |
---------------------------------
Saved generation 83 to /home/jnn.aurich/kuhhandel-ml/rl/train/itp/models/selfplay_pool/gen_23
Time elapsed: 171.61 mins

--- Generation 84 ---
---------------------------------
| rollout/           |          |
|    ep_len_mean     | 152      |
|    ep_rew_mean     | 9.56     |
| time/              |          |
|    fps             | 2388     |
|    iterations      | 1        |
|    time_elapsed    | 27       |
|    total_timesteps | 15826944 |
---------------------------------
Saved generation 84 to /home/jnn.aurich/kuhhandel-ml/rl/train/itp/models/selfplay_pool/gen_24
Time elapsed: 174.42 mins

--- Generation 85 ---
---------------------------------
| rollout/           |          |
|    ep_len_mean     | 152      |
|    ep_rew_mean     | 8.38     |
| time/              |          |
|    fps             | 2391     |
|    iterations      | 1        |
|    time_elapsed    | 27       |
|    total_timesteps | 15892480 |
---------------------------------
Saved generation 85 to /home/jnn.aurich/kuhhandel-ml/rl/train/itp/models/selfplay_pool/gen_25
Time elapsed: 177.28 mins

--- Generation 86 ---
---------------------------------
| rollout/           |          |
|    ep_len_mean     | 151      |
|    ep_rew_mean     | 9.39     |
| time/              |          |
|    fps             | 2398     |
|    iterations      | 1        |
|    time_elapsed    | 27       |
|    total_timesteps | 15958016 |
---------------------------------
Saved generation 86 to /home/jnn.aurich/kuhhandel-ml/rl/train/itp/models/selfplay_pool/gen_26
Time elapsed: 180.10 mins

--- Generation 87 ---
---------------------------------
| rollout/           |          |
|    ep_len_mean     | 150      |
|    ep_rew_mean     | 9.32     |
| time/              |          |
|    fps             | 2356     |
|    iterations      | 1        |
|    time_elapsed    | 27       |
|    total_timesteps | 16023552 |
---------------------------------
Saved generation 87 to /home/jnn.aurich/kuhhandel-ml/rl/train/itp/models/selfplay_pool/gen_27
Time elapsed: 182.98 mins

--- Generation 88 ---
---------------------------------
| rollout/           |          |
|    ep_len_mean     | 152      |
|    ep_rew_mean     | 9.75     |
| time/              |          |
|    fps             | 2369     |
|    iterations      | 1        |
|    time_elapsed    | 27       |
|    total_timesteps | 16089088 |
---------------------------------
Saved generation 88 to /home/jnn.aurich/kuhhandel-ml/rl/train/itp/models/selfplay_pool/gen_28
Time elapsed: 185.86 mins

--- Generation 89 ---
---------------------------------
| rollout/           |          |
|    ep_len_mean     | 152      |
|    ep_rew_mean     | 9.02     |
| time/              |          |
|    fps             | 2347     |
|    iterations      | 1        |
|    time_elapsed    | 27       |
|    total_timesteps | 16154624 |
---------------------------------
Saved generation 89 to /home/jnn.aurich/kuhhandel-ml/rl/train/itp/models/selfplay_pool/gen_29
Time elapsed: 188.76 mins

--- Generation 90 ---
---------------------------------
| rollout/           |          |
|    ep_len_mean     | 152      |
|    ep_rew_mean     | 9.27     |
| time/              |          |
|    fps             | 2347     |
|    iterations      | 1        |
|    time_elapsed    | 27       |
|    total_timesteps | 16220160 |
---------------------------------
Saved generation 90 to /home/jnn.aurich/kuhhandel-ml/rl/train/itp/models/selfplay_pool/gen_0
Time elapsed: 191.67 mins

--- Generation 91 ---
---------------------------------
| rollout/           |          |
|    ep_len_mean     | 151      |
|    ep_rew_mean     | 9.21     |
| time/              |          |
|    fps             | 2358     |
|    iterations      | 1        |
|    time_elapsed    | 27       |
|    total_timesteps | 16285696 |
---------------------------------
Saved generation 91 to /home/jnn.aurich/kuhhandel-ml/rl/train/itp/models/selfplay_pool/gen_1
Time elapsed: 194.61 mins

--- Generation 92 ---
---------------------------------
| rollout/           |          |
|    ep_len_mean     | 150      |
|    ep_rew_mean     | 8.44     |
| time/              |          |
|    fps             | 2324     |
|    iterations      | 1        |
|    time_elapsed    | 28       |
|    total_timesteps | 16351232 |
---------------------------------
Saved generation 92 to /home/jnn.aurich/kuhhandel-ml/rl/train/itp/models/selfplay_pool/gen_2
Time elapsed: 197.47 mins

--- Generation 93 ---
---------------------------------
| rollout/           |          |
|    ep_len_mean     | 150      |
|    ep_rew_mean     | 9.33     |
| time/              |          |
|    fps             | 2342     |
|    iterations      | 1        |
|    time_elapsed    | 27       |
|    total_timesteps | 16416768 |
---------------------------------
Saved generation 93 to /home/jnn.aurich/kuhhandel-ml/rl/train/itp/models/selfplay_pool/gen_3
Time elapsed: 200.38 mins

--- Generation 94 ---
---------------------------------
| rollout/           |          |
|    ep_len_mean     | 152      |
|    ep_rew_mean     | 9.25     |
| time/              |          |
|    fps             | 2320     |
|    iterations      | 1        |
|    time_elapsed    | 28       |
|    total_timesteps | 16482304 |
---------------------------------
Saved generation 94 to /home/jnn.aurich/kuhhandel-ml/rl/train/itp/models/selfplay_pool/gen_4
Time elapsed: 203.22 mins

--- Generation 95 ---
---------------------------------
| rollout/           |          |
|    ep_len_mean     | 154      |
|    ep_rew_mean     | 9.48     |
| time/              |          |
|    fps             | 2415     |
|    iterations      | 1        |
|    time_elapsed    | 27       |
|    total_timesteps | 16547840 |
---------------------------------
Saved generation 95 to /home/jnn.aurich/kuhhandel-ml/rl/train/itp/models/selfplay_pool/gen_5
Time elapsed: 206.07 mins

--- Generation 96 ---
---------------------------------
| rollout/           |          |
|    ep_len_mean     | 154      |
|    ep_rew_mean     | 9.89     |
| time/              |          |
|    fps             | 2393     |
|    iterations      | 1        |
|    time_elapsed    | 27       |
|    total_timesteps | 16613376 |
---------------------------------
Saved generation 96 to /home/jnn.aurich/kuhhandel-ml/rl/train/itp/models/selfplay_pool/gen_6
Time elapsed: 208.92 mins

--- Generation 97 ---
---------------------------------
| rollout/           |          |
|    ep_len_mean     | 150      |
|    ep_rew_mean     | 9.87     |
| time/              |          |
|    fps             | 2356     |
|    iterations      | 1        |
|    time_elapsed    | 27       |
|    total_timesteps | 16678912 |
---------------------------------
Saved generation 97 to /home/jnn.aurich/kuhhandel-ml/rl/train/itp/models/selfplay_pool/gen_7
Time elapsed: 211.79 mins

--- Generation 98 ---
---------------------------------
| rollout/           |          |
|    ep_len_mean     | 151      |
|    ep_rew_mean     | 8.91     |
| time/              |          |
|    fps             | 2394     |
|    iterations      | 1        |
|    time_elapsed    | 27       |
|    total_timesteps | 16744448 |
---------------------------------
Saved generation 98 to /home/jnn.aurich/kuhhandel-ml/rl/train/itp/models/selfplay_pool/gen_8
Time elapsed: 214.68 mins

--- Generation 99 ---
---------------------------------
| rollout/           |          |
|    ep_len_mean     | 154      |
|    ep_rew_mean     | 9.92     |
| time/              |          |
|    fps             | 2394     |
|    iterations      | 1        |
|    time_elapsed    | 27       |
|    total_timesteps | 16809984 |
---------------------------------
Saved generation 99 to /home/jnn.aurich/kuhhandel-ml/rl/train/itp/models/selfplay_pool/gen_9
Time elapsed: 217.55 mins

--- Generation 100 ---
---------------------------------
| rollout/           |          |
|    ep_len_mean     | 154      |
|    ep_rew_mean     | 9.56     |
| time/              |          |
|    fps             | 2363     |
|    iterations      | 1        |
|    time_elapsed    | 27       |
|    total_timesteps | 16875520 |
---------------------------------
Saved generation 100 to /home/jnn.aurich/kuhhandel-ml/rl/train/itp/models/selfplay_pool/gen_10
Time elapsed: 220.43 mins

--- Generation 101 ---
---------------------------------
| rollout/           |          |
|    ep_len_mean     | 151      |
|    ep_rew_mean     | 9.34     |
| time/              |          |
|    fps             | 2374     |
|    iterations      | 1        |
|    time_elapsed    | 27       |
|    total_timesteps | 16941056 |
---------------------------------
Saved generation 101 to /home/jnn.aurich/kuhhandel-ml/rl/train/itp/models/selfplay_pool/gen_11
Time elapsed: 223.34 mins

--- Generation 102 ---
---------------------------------
| rollout/           |          |
|    ep_len_mean     | 153      |
|    ep_rew_mean     | 9.92     |
| time/              |          |
|    fps             | 2365     |
|    iterations      | 1        |
|    time_elapsed    | 27       |
|    total_timesteps | 17006592 |
---------------------------------
Saved generation 102 to /home/jnn.aurich/kuhhandel-ml/rl/train/itp/models/selfplay_pool/gen_12
Time elapsed: 226.22 mins

--- Generation 103 ---
---------------------------------
| rollout/           |          |
|    ep_len_mean     | 154      |
|    ep_rew_mean     | 9.65     |
| time/              |          |
|    fps             | 2356     |
|    iterations      | 1        |
|    time_elapsed    | 27       |
|    total_timesteps | 17072128 |
---------------------------------
Saved generation 103 to /home/jnn.aurich/kuhhandel-ml/rl/train/itp/models/selfplay_pool/gen_13
Time elapsed: 229.08 mins

--- Generation 104 ---
---------------------------------
| rollout/           |          |
|    ep_len_mean     | 151      |
|    ep_rew_mean     | 9.97     |
| time/              |          |
|    fps             | 2339     |
|    iterations      | 1        |
|    time_elapsed    | 28       |
|    total_timesteps | 17137664 |
---------------------------------
Saved generation 104 to /home/jnn.aurich/kuhhandel-ml/rl/train/itp/models/selfplay_pool/gen_14
Time elapsed: 231.93 mins

--- Generation 105 ---
---------------------------------
| rollout/           |          |
|    ep_len_mean     | 149      |
|    ep_rew_mean     | 9.76     |
| time/              |          |
|    fps             | 2371     |
|    iterations      | 1        |
|    time_elapsed    | 27       |
|    total_timesteps | 17203200 |
---------------------------------
Saved generation 105 to /home/jnn.aurich/kuhhandel-ml/rl/train/itp/models/selfplay_pool/gen_15
Time elapsed: 234.79 mins

--- Generation 106 ---
---------------------------------
| rollout/           |          |
|    ep_len_mean     | 152      |
|    ep_rew_mean     | 8.56     |
| time/              |          |
|    fps             | 2340     |
|    iterations      | 1        |
|    time_elapsed    | 27       |
|    total_timesteps | 17268736 |
---------------------------------
Saved generation 106 to /home/jnn.aurich/kuhhandel-ml/rl/train/itp/models/selfplay_pool/gen_16
Time elapsed: 237.66 mins

--- Generation 107 ---
---------------------------------
| rollout/           |          |
|    ep_len_mean     | 148      |
|    ep_rew_mean     | 9.31     |
| time/              |          |
|    fps             | 2365     |
|    iterations      | 1        |
|    time_elapsed    | 27       |
|    total_timesteps | 17334272 |
---------------------------------
Saved generation 107 to /home/jnn.aurich/kuhhandel-ml/rl/train/itp/models/selfplay_pool/gen_17
Time elapsed: 240.51 mins

--- Generation 108 ---
---------------------------------
| rollout/           |          |
|    ep_len_mean     | 150      |
|    ep_rew_mean     | 9        |
| time/              |          |
|    fps             | 2350     |
|    iterations      | 1        |
|    time_elapsed    | 27       |
|    total_timesteps | 17399808 |
---------------------------------
Saved generation 108 to /home/jnn.aurich/kuhhandel-ml/rl/train/itp/models/selfplay_pool/gen_18
Time elapsed: 243.30 mins

--- Generation 109 ---
---------------------------------
| rollout/           |          |
|    ep_len_mean     | 151      |
|    ep_rew_mean     | 9.59     |
| time/              |          |
|    fps             | 2378     |
|    iterations      | 1        |
|    time_elapsed    | 27       |
|    total_timesteps | 17465344 |
---------------------------------
Saved generation 109 to /home/jnn.aurich/kuhhandel-ml/rl/train/itp/models/selfplay_pool/gen_19
Time elapsed: 246.10 mins

--- Generation 110 ---
---------------------------------
| rollout/           |          |
|    ep_len_mean     | 151      |
|    ep_rew_mean     | 9.51     |
| time/              |          |
|    fps             | 2378     |
|    iterations      | 1        |
|    time_elapsed    | 27       |
|    total_timesteps | 17530880 |
---------------------------------
Saved generation 110 to /home/jnn.aurich/kuhhandel-ml/rl/train/itp/models/selfplay_pool/gen_20
Time elapsed: 248.93 mins

--- Generation 111 ---
---------------------------------
| rollout/           |          |
|    ep_len_mean     | 148      |
|    ep_rew_mean     | 9.74     |
| time/              |          |
|    fps             | 2358     |
|    iterations      | 1        |
|    time_elapsed    | 27       |
|    total_timesteps | 17596416 |
---------------------------------
Saved generation 111 to /home/jnn.aurich/kuhhandel-ml/rl/train/itp/models/selfplay_pool/gen_21
Time elapsed: 251.75 mins

--- Generation 112 ---
---------------------------------
| rollout/           |          |
|    ep_len_mean     | 151      |
|    ep_rew_mean     | 10       |
| time/              |          |
|    fps             | 2374     |
|    iterations      | 1        |
|    time_elapsed    | 27       |
|    total_timesteps | 17661952 |
---------------------------------
Saved generation 112 to /home/jnn.aurich/kuhhandel-ml/rl/train/itp/models/selfplay_pool/gen_22
Time elapsed: 254.57 mins

--- Generation 113 ---
---------------------------------
| rollout/           |          |
|    ep_len_mean     | 150      |
|    ep_rew_mean     | 9.5      |
| time/              |          |
|    fps             | 2376     |
|    iterations      | 1        |
|    time_elapsed    | 27       |
|    total_timesteps | 17727488 |
---------------------------------
Saved generation 113 to /home/jnn.aurich/kuhhandel-ml/rl/train/itp/models/selfplay_pool/gen_23
Time elapsed: 257.45 mins

--- Generation 114 ---
---------------------------------
| rollout/           |          |
|    ep_len_mean     | 151      |
|    ep_rew_mean     | 9.97     |
| time/              |          |
|    fps             | 2368     |
|    iterations      | 1        |
|    time_elapsed    | 27       |
|    total_timesteps | 17793024 |
---------------------------------
Saved generation 114 to /home/jnn.aurich/kuhhandel-ml/rl/train/itp/models/selfplay_pool/gen_24
Time elapsed: 260.30 mins

--- Generation 115 ---
---------------------------------
| rollout/           |          |
|    ep_len_mean     | 152      |
|    ep_rew_mean     | 8.93     |
| time/              |          |
|    fps             | 2374     |
|    iterations      | 1        |
|    time_elapsed    | 27       |
|    total_timesteps | 17858560 |
---------------------------------
Saved generation 115 to /home/jnn.aurich/kuhhandel-ml/rl/train/itp/models/selfplay_pool/gen_25
Time elapsed: 263.14 mins

--- Generation 116 ---
---------------------------------
| rollout/           |          |
|    ep_len_mean     | 151      |
|    ep_rew_mean     | 9.6      |
| time/              |          |
|    fps             | 2356     |
|    iterations      | 1        |
|    time_elapsed    | 27       |
|    total_timesteps | 17924096 |
---------------------------------
Saved generation 116 to /home/jnn.aurich/kuhhandel-ml/rl/train/itp/models/selfplay_pool/gen_26
Time elapsed: 266.03 mins

--- Generation 117 ---
---------------------------------
| rollout/           |          |
|    ep_len_mean     | 151      |
|    ep_rew_mean     | 9.6      |
| time/              |          |
|    fps             | 2401     |
|    iterations      | 1        |
|    time_elapsed    | 27       |
|    total_timesteps | 17989632 |
---------------------------------
Saved generation 117 to /home/jnn.aurich/kuhhandel-ml/rl/train/itp/models/selfplay_pool/gen_27
Time elapsed: 268.89 mins

--- Generation 118 ---
---------------------------------
| rollout/           |          |
|    ep_len_mean     | 150      |
|    ep_rew_mean     | 9.96     |
| time/              |          |
|    fps             | 2364     |
|    iterations      | 1        |
|    time_elapsed    | 27       |
|    total_timesteps | 18055168 |
---------------------------------
Saved generation 118 to /home/jnn.aurich/kuhhandel-ml/rl/train/itp/models/selfplay_pool/gen_28
Time elapsed: 271.76 mins

--- Generation 119 ---
---------------------------------
| rollout/           |          |
|    ep_len_mean     | 151      |
|    ep_rew_mean     | 9.78     |
| time/              |          |
|    fps             | 2338     |
|    iterations      | 1        |
|    time_elapsed    | 28       |
|    total_timesteps | 18120704 |
---------------------------------
Saved generation 119 to /home/jnn.aurich/kuhhandel-ml/rl/train/itp/models/selfplay_pool/gen_29
Time elapsed: 274.60 mins

--- Generation 120 ---
---------------------------------
| rollout/           |          |
|    ep_len_mean     | 151      |
|    ep_rew_mean     | 9.59     |
| time/              |          |
|    fps             | 2349     |
|    iterations      | 1        |
|    time_elapsed    | 27       |
|    total_timesteps | 18186240 |
---------------------------------
Saved generation 120 to /home/jnn.aurich/kuhhandel-ml/rl/train/itp/models/selfplay_pool/gen_0
Time elapsed: 277.43 mins

--- Generation 121 ---
---------------------------------
| rollout/           |          |
|    ep_len_mean     | 151      |
|    ep_rew_mean     | 9.17     |
| time/              |          |
|    fps             | 2368     |
|    iterations      | 1        |
|    time_elapsed    | 27       |
|    total_timesteps | 18251776 |
---------------------------------
Saved generation 121 to /home/jnn.aurich/kuhhandel-ml/rl/train/itp/models/selfplay_pool/gen_1
Time elapsed: 280.25 mins

--- Generation 122 ---
---------------------------------
| rollout/           |          |
|    ep_len_mean     | 151      |
|    ep_rew_mean     | 9.37     |
| time/              |          |
|    fps             | 2365     |
|    iterations      | 1        |
|    time_elapsed    | 27       |
|    total_timesteps | 18317312 |
---------------------------------
Saved generation 122 to /home/jnn.aurich/kuhhandel-ml/rl/train/itp/models/selfplay_pool/gen_2
Time elapsed: 283.08 mins

--- Generation 123 ---
---------------------------------
| rollout/           |          |
|    ep_len_mean     | 152      |
|    ep_rew_mean     | 10.3     |
| time/              |          |
|    fps             | 2384     |
|    iterations      | 1        |
|    time_elapsed    | 27       |
|    total_timesteps | 18382848 |
---------------------------------
Saved generation 123 to /home/jnn.aurich/kuhhandel-ml/rl/train/itp/models/selfplay_pool/gen_3
Time elapsed: 285.93 mins

--- Generation 124 ---
---------------------------------
| rollout/           |          |
|    ep_len_mean     | 151      |
|    ep_rew_mean     | 9.86     |
| time/              |          |
|    fps             | 2378     |
|    iterations      | 1        |
|    time_elapsed    | 27       |
|    total_timesteps | 18448384 |
---------------------------------
Saved generation 124 to /home/jnn.aurich/kuhhandel-ml/rl/train/itp/models/selfplay_pool/gen_4
Time elapsed: 288.78 mins

--- Generation 125 ---
---------------------------------
| rollout/           |          |
|    ep_len_mean     | 152      |
|    ep_rew_mean     | 10.1     |
| time/              |          |
|    fps             | 2395     |
|    iterations      | 1        |
|    time_elapsed    | 27       |
|    total_timesteps | 18513920 |
---------------------------------
Saved generation 125 to /home/jnn.aurich/kuhhandel-ml/rl/train/itp/models/selfplay_pool/gen_5
Time elapsed: 291.67 mins

--- Generation 126 ---
---------------------------------
| rollout/           |          |
|    ep_len_mean     | 152      |
|    ep_rew_mean     | 9.75     |
| time/              |          |
|    fps             | 2350     |
|    iterations      | 1        |
|    time_elapsed    | 27       |
|    total_timesteps | 18579456 |
---------------------------------
Saved generation 126 to /home/jnn.aurich/kuhhandel-ml/rl/train/itp/models/selfplay_pool/gen_6
Time elapsed: 294.59 mins

--- Generation 127 ---
---------------------------------
| rollout/           |          |
|    ep_len_mean     | 153      |
|    ep_rew_mean     | 10.1     |
| time/              |          |
|    fps             | 2358     |
|    iterations      | 1        |
|    time_elapsed    | 27       |
|    total_timesteps | 18644992 |
---------------------------------
Saved generation 127 to /home/jnn.aurich/kuhhandel-ml/rl/train/itp/models/selfplay_pool/gen_7
Time elapsed: 297.45 mins

--- Generation 128 ---
---------------------------------
| rollout/           |          |
|    ep_len_mean     | 155      |
|    ep_rew_mean     | 10       |
| time/              |          |
|    fps             | 2360     |
|    iterations      | 1        |
|    time_elapsed    | 27       |
|    total_timesteps | 18710528 |
---------------------------------
Saved generation 128 to /home/jnn.aurich/kuhhandel-ml/rl/train/itp/models/selfplay_pool/gen_8
Time elapsed: 300.30 mins

--- Generation 129 ---
---------------------------------
| rollout/           |          |
|    ep_len_mean     | 153      |
|    ep_rew_mean     | 9.41     |
| time/              |          |
|    fps             | 2403     |
|    iterations      | 1        |
|    time_elapsed    | 27       |
|    total_timesteps | 18776064 |
---------------------------------
Saved generation 129 to /home/jnn.aurich/kuhhandel-ml/rl/train/itp/models/selfplay_pool/gen_9
Time elapsed: 303.12 mins

--- Generation 130 ---
---------------------------------
| rollout/           |          |
|    ep_len_mean     | 153      |
|    ep_rew_mean     | 9.83     |
| time/              |          |
|    fps             | 2367     |
|    iterations      | 1        |
|    time_elapsed    | 27       |
|    total_timesteps | 18841600 |
---------------------------------
Saved generation 130 to /home/jnn.aurich/kuhhandel-ml/rl/train/itp/models/selfplay_pool/gen_10
Time elapsed: 305.95 mins

--- Generation 131 ---
---------------------------------
| rollout/           |          |
|    ep_len_mean     | 153      |
|    ep_rew_mean     | 9.8      |
| time/              |          |
|    fps             | 2370     |
|    iterations      | 1        |
|    time_elapsed    | 27       |
|    total_timesteps | 18907136 |
---------------------------------
Saved generation 131 to /home/jnn.aurich/kuhhandel-ml/rl/train/itp/models/selfplay_pool/gen_11
Time elapsed: 308.76 mins

--- Generation 132 ---
---------------------------------
| rollout/           |          |
|    ep_len_mean     | 151      |
|    ep_rew_mean     | 10.1     |
| time/              |          |
|    fps             | 2365     |
|    iterations      | 1        |
|    time_elapsed    | 27       |
|    total_timesteps | 18972672 |
---------------------------------
Saved generation 132 to /home/jnn.aurich/kuhhandel-ml/rl/train/itp/models/selfplay_pool/gen_12
Time elapsed: 311.55 mins

--- Generation 133 ---
---------------------------------
| rollout/           |          |
|    ep_len_mean     | 152      |
|    ep_rew_mean     | 9.64     |
| time/              |          |
|    fps             | 2377     |
|    iterations      | 1        |
|    time_elapsed    | 27       |
|    total_timesteps | 19038208 |
---------------------------------
Saved generation 133 to /home/jnn.aurich/kuhhandel-ml/rl/train/itp/models/selfplay_pool/gen_13
Time elapsed: 314.39 mins

--- Generation 134 ---
---------------------------------
| rollout/           |          |
|    ep_len_mean     | 152      |
|    ep_rew_mean     | 10.3     |
| time/              |          |
|    fps             | 2388     |
|    iterations      | 1        |
|    time_elapsed    | 27       |
|    total_timesteps | 19103744 |
---------------------------------
Saved generation 134 to /home/jnn.aurich/kuhhandel-ml/rl/train/itp/models/selfplay_pool/gen_14
Time elapsed: 317.22 mins

--- Generation 135 ---
---------------------------------
| rollout/           |          |
|    ep_len_mean     | 152      |
|    ep_rew_mean     | 9.66     |
| time/              |          |
|    fps             | 2338     |
|    iterations      | 1        |
|    time_elapsed    | 28       |
|    total_timesteps | 19169280 |
---------------------------------
Saved generation 135 to /home/jnn.aurich/kuhhandel-ml/rl/train/itp/models/selfplay_pool/gen_15
Time elapsed: 320.08 mins

--- Generation 136 ---
---------------------------------
| rollout/           |          |
|    ep_len_mean     | 152      |
|    ep_rew_mean     | 10.4     |
| time/              |          |
|    fps             | 2355     |
|    iterations      | 1        |
|    time_elapsed    | 27       |
|    total_timesteps | 19234816 |
---------------------------------
Saved generation 136 to /home/jnn.aurich/kuhhandel-ml/rl/train/itp/models/selfplay_pool/gen_16
Time elapsed: 322.86 mins

--- Generation 137 ---
---------------------------------
| rollout/           |          |
|    ep_len_mean     | 154      |
|    ep_rew_mean     | 10.4     |
| time/              |          |
|    fps             | 2367     |
|    iterations      | 1        |
|    time_elapsed    | 27       |
|    total_timesteps | 19300352 |
---------------------------------
Saved generation 137 to /home/jnn.aurich/kuhhandel-ml/rl/train/itp/models/selfplay_pool/gen_17
Time elapsed: 325.67 mins

--- Generation 138 ---
---------------------------------
| rollout/           |          |
|    ep_len_mean     | 153      |
|    ep_rew_mean     | 9.54     |
| time/              |          |
|    fps             | 2325     |
|    iterations      | 1        |
|    time_elapsed    | 28       |
|    total_timesteps | 19365888 |
---------------------------------
Saved generation 138 to /home/jnn.aurich/kuhhandel-ml/rl/train/itp/models/selfplay_pool/gen_18
Time elapsed: 328.49 mins

--- Generation 139 ---
---------------------------------
| rollout/           |          |
|    ep_len_mean     | 151      |
|    ep_rew_mean     | 10.2     |
| time/              |          |
|    fps             | 2357     |
|    iterations      | 1        |
|    time_elapsed    | 27       |
|    total_timesteps | 19431424 |
---------------------------------
Saved generation 139 to /home/jnn.aurich/kuhhandel-ml/rl/train/itp/models/selfplay_pool/gen_19
Time elapsed: 331.28 mins

--- Generation 140 ---
---------------------------------
| rollout/           |          |
|    ep_len_mean     | 149      |
|    ep_rew_mean     | 9.86     |
| time/              |          |
|    fps             | 2380     |
|    iterations      | 1        |
|    time_elapsed    | 27       |
|    total_timesteps | 19496960 |
---------------------------------
Saved generation 140 to /home/jnn.aurich/kuhhandel-ml/rl/train/itp/models/selfplay_pool/gen_20
Time elapsed: 334.12 mins

--- Generation 141 ---
---------------------------------
| rollout/           |          |
|    ep_len_mean     | 152      |
|    ep_rew_mean     | 10.1     |
| time/              |          |
|    fps             | 2433     |
|    iterations      | 1        |
|    time_elapsed    | 26       |
|    total_timesteps | 19562496 |
---------------------------------
Saved generation 141 to /home/jnn.aurich/kuhhandel-ml/rl/train/itp/models/selfplay_pool/gen_21
Time elapsed: 337.00 mins

--- Generation 142 ---
---------------------------------
| rollout/           |          |
|    ep_len_mean     | 153      |
|    ep_rew_mean     | 10.1     |
| time/              |          |
|    fps             | 2378     |
|    iterations      | 1        |
|    time_elapsed    | 27       |
|    total_timesteps | 19628032 |
---------------------------------
Saved generation 142 to /home/jnn.aurich/kuhhandel-ml/rl/train/itp/models/selfplay_pool/gen_22
Time elapsed: 339.89 mins

--- Generation 143 ---
---------------------------------
| rollout/           |          |
|    ep_len_mean     | 152      |
|    ep_rew_mean     | 10.1     |
| time/              |          |
|    fps             | 2361     |
|    iterations      | 1        |
|    time_elapsed    | 27       |
|    total_timesteps | 19693568 |
---------------------------------
Saved generation 143 to /home/jnn.aurich/kuhhandel-ml/rl/train/itp/models/selfplay_pool/gen_23
Time elapsed: 342.76 mins

--- Generation 144 ---
---------------------------------
| rollout/           |          |
|    ep_len_mean     | 152      |
|    ep_rew_mean     | 10.1     |
| time/              |          |
|    fps             | 2389     |
|    iterations      | 1        |
|    time_elapsed    | 27       |
|    total_timesteps | 19759104 |
---------------------------------
Saved generation 144 to /home/jnn.aurich/kuhhandel-ml/rl/train/itp/models/selfplay_pool/gen_24
Time elapsed: 345.60 mins

--- Generation 145 ---
---------------------------------
| rollout/           |          |
|    ep_len_mean     | 152      |
|    ep_rew_mean     | 10.3     |
| time/              |          |
|    fps             | 2394     |
|    iterations      | 1        |
|    time_elapsed    | 27       |
|    total_timesteps | 19824640 |
---------------------------------
Saved generation 145 to /home/jnn.aurich/kuhhandel-ml/rl/train/itp/models/selfplay_pool/gen_25
Time elapsed: 348.47 mins

--- Generation 146 ---
---------------------------------
| rollout/           |          |
|    ep_len_mean     | 155      |
|    ep_rew_mean     | 9.49     |
| time/              |          |
|    fps             | 2399     |
|    iterations      | 1        |
|    time_elapsed    | 27       |
|    total_timesteps | 19890176 |
---------------------------------
Saved generation 146 to /home/jnn.aurich/kuhhandel-ml/rl/train/itp/models/selfplay_pool/gen_26
Time elapsed: 351.34 mins

--- Generation 147 ---
---------------------------------
| rollout/           |          |
|    ep_len_mean     | 153      |
|    ep_rew_mean     | 9.77     |
| time/              |          |
|    fps             | 2418     |
|    iterations      | 1        |
|    time_elapsed    | 27       |
|    total_timesteps | 19955712 |
---------------------------------
Saved generation 147 to /home/jnn.aurich/kuhhandel-ml/rl/train/itp/models/selfplay_pool/gen_27
Time elapsed: 354.22 mins

--- Generation 148 ---
---------------------------------
| rollout/           |          |
|    ep_len_mean     | 151      |
|    ep_rew_mean     | 9.62     |
| time/              |          |
|    fps             | 2406     |
|    iterations      | 1        |
|    time_elapsed    | 27       |
|    total_timesteps | 20021248 |
---------------------------------
Saved generation 148 to /home/jnn.aurich/kuhhandel-ml/rl/train/itp/models/selfplay_pool/gen_28
Time elapsed: 357.14 mins

--- Generation 149 ---
---------------------------------
| rollout/           |          |
|    ep_len_mean     | 152      |
|    ep_rew_mean     | 10.2     |
| time/              |          |
|    fps             | 2419     |
|    iterations      | 1        |
|    time_elapsed    | 27       |
|    total_timesteps | 20086784 |
---------------------------------
Saved generation 149 to /home/jnn.aurich/kuhhandel-ml/rl/train/itp/models/selfplay_pool/gen_29
Time elapsed: 360.03 mins

--- Generation 150 ---
---------------------------------
| rollout/           |          |
|    ep_len_mean     | 156      |
|    ep_rew_mean     | 9.66     |
| time/              |          |
|    fps             | 2420     |
|    iterations      | 1        |
|    time_elapsed    | 27       |
|    total_timesteps | 20152320 |
---------------------------------
Saved generation 150 to /home/jnn.aurich/kuhhandel-ml/rl/train/itp/models/selfplay_pool/gen_0
Time elapsed: 362.87 mins
Training loop finished in 362.87 minutes. Model saved to /home/jnn.aurich/kuhhandel-ml/rl/train/itp/models/kuhhandel_ppo_final
