Starting Self-Play Training with 32 parallel environments...
Using cpu device

--- Generation 1 ---
Logging to /home/jnn.aurich/kuhhandel-ml/rl/train/itp/tensorboard_logs/MaskablePPO_0
---------------------------------
| rollout/           |          |
|    ep_len_mean     | 195      |
|    ep_rew_mean     | 0.77     |
| time/              |          |
|    fps             | 8125     |
|    iterations      | 1        |
|    time_elapsed    | 8        |
|    total_timesteps | 65536    |
---------------------------------
Saved generation 1 to /home/jnn.aurich/kuhhandel-ml/rl/train/itp/models/selfplay_pool/gen_1
Time elapsed: 0.56 mins

--- Generation 2 ---
Logging to /home/jnn.aurich/kuhhandel-ml/rl/train/itp/tensorboard_logs/MaskablePPO_0
---------------------------------
| rollout/           |          |
|    ep_len_mean     | 184      |
|    ep_rew_mean     | 1.49     |
| time/              |          |
|    fps             | 1879     |
|    iterations      | 1        |
|    time_elapsed    | 34       |
|    total_timesteps | 131072   |
---------------------------------
Saved generation 2 to /home/jnn.aurich/kuhhandel-ml/rl/train/itp/models/selfplay_pool/gen_2
Time elapsed: 1.56 mins

--- Generation 3 ---
Logging to /home/jnn.aurich/kuhhandel-ml/rl/train/itp/tensorboard_logs/MaskablePPO_0
---------------------------------
| rollout/           |          |
|    ep_len_mean     | 187      |
|    ep_rew_mean     | 1.12     |
| time/              |          |
|    fps             | 2643     |
|    iterations      | 1        |
|    time_elapsed    | 24       |
|    total_timesteps | 196608   |
---------------------------------
Saved generation 3 to /home/jnn.aurich/kuhhandel-ml/rl/train/itp/models/selfplay_pool/gen_3
Time elapsed: 2.39 mins

--- Generation 4 ---
Logging to /home/jnn.aurich/kuhhandel-ml/rl/train/itp/tensorboard_logs/MaskablePPO_0
---------------------------------
| rollout/           |          |
|    ep_len_mean     | 191      |
|    ep_rew_mean     | 0.955    |
| time/              |          |
|    fps             | 2603     |
|    iterations      | 1        |
|    time_elapsed    | 25       |
|    total_timesteps | 262144   |
---------------------------------
Saved generation 4 to /home/jnn.aurich/kuhhandel-ml/rl/train/itp/models/selfplay_pool/gen_4
Time elapsed: 3.23 mins

--- Generation 5 ---
Logging to /home/jnn.aurich/kuhhandel-ml/rl/train/itp/tensorboard_logs/MaskablePPO_0
---------------------------------
| rollout/           |          |
|    ep_len_mean     | 184      |
|    ep_rew_mean     | 1.01     |
| time/              |          |
|    fps             | 2583     |
|    iterations      | 1        |
|    time_elapsed    | 25       |
|    total_timesteps | 327680   |
---------------------------------
Saved generation 5 to /home/jnn.aurich/kuhhandel-ml/rl/train/itp/models/selfplay_pool/gen_5
Time elapsed: 4.07 mins

--- Generation 6 ---
Logging to /home/jnn.aurich/kuhhandel-ml/rl/train/itp/tensorboard_logs/MaskablePPO_0
---------------------------------
| rollout/           |          |
|    ep_len_mean     | 183      |
|    ep_rew_mean     | 1.1      |
| time/              |          |
|    fps             | 2612     |
|    iterations      | 1        |
|    time_elapsed    | 25       |
|    total_timesteps | 393216   |
---------------------------------
Saved generation 6 to /home/jnn.aurich/kuhhandel-ml/rl/train/itp/models/selfplay_pool/gen_6
Time elapsed: 4.91 mins

--- Generation 7 ---
Logging to /home/jnn.aurich/kuhhandel-ml/rl/train/itp/tensorboard_logs/MaskablePPO_0
---------------------------------
| rollout/           |          |
|    ep_len_mean     | 178      |
|    ep_rew_mean     | 1.05     |
| time/              |          |
|    fps             | 2483     |
|    iterations      | 1        |
|    time_elapsed    | 26       |
|    total_timesteps | 458752   |
---------------------------------
Saved generation 7 to /home/jnn.aurich/kuhhandel-ml/rl/train/itp/models/selfplay_pool/gen_7
Time elapsed: 5.77 mins

--- Generation 8 ---
Logging to /home/jnn.aurich/kuhhandel-ml/rl/train/itp/tensorboard_logs/MaskablePPO_0
---------------------------------
| rollout/           |          |
|    ep_len_mean     | 170      |
|    ep_rew_mean     | 1.14     |
| time/              |          |
|    fps             | 2435     |
|    iterations      | 1        |
|    time_elapsed    | 26       |
|    total_timesteps | 524288   |
---------------------------------
Saved generation 8 to /home/jnn.aurich/kuhhandel-ml/rl/train/itp/models/selfplay_pool/gen_8
Time elapsed: 6.64 mins

--- Generation 9 ---
Logging to /home/jnn.aurich/kuhhandel-ml/rl/train/itp/tensorboard_logs/MaskablePPO_0
---------------------------------
| rollout/           |          |
|    ep_len_mean     | 170      |
|    ep_rew_mean     | 1.02     |
| time/              |          |
|    fps             | 2442     |
|    iterations      | 1        |
|    time_elapsed    | 26       |
|    total_timesteps | 589824   |
---------------------------------
Saved generation 9 to /home/jnn.aurich/kuhhandel-ml/rl/train/itp/models/selfplay_pool/gen_9
Time elapsed: 7.50 mins

--- Generation 10 ---
Logging to /home/jnn.aurich/kuhhandel-ml/rl/train/itp/tensorboard_logs/MaskablePPO_0
---------------------------------
| rollout/           |          |
|    ep_len_mean     | 170      |
|    ep_rew_mean     | 1.01     |
| time/              |          |
|    fps             | 2428     |
|    iterations      | 1        |
|    time_elapsed    | 26       |
|    total_timesteps | 655360   |
---------------------------------
Saved generation 10 to /home/jnn.aurich/kuhhandel-ml/rl/train/itp/models/selfplay_pool/gen_10
Time elapsed: 8.37 mins

--- Generation 11 ---
Logging to /home/jnn.aurich/kuhhandel-ml/rl/train/itp/tensorboard_logs/MaskablePPO_0
---------------------------------
| rollout/           |          |
|    ep_len_mean     | 170      |
|    ep_rew_mean     | 1.12     |
| time/              |          |
|    fps             | 2424     |
|    iterations      | 1        |
|    time_elapsed    | 27       |
|    total_timesteps | 720896   |
---------------------------------
Saved generation 11 to /home/jnn.aurich/kuhhandel-ml/rl/train/itp/models/selfplay_pool/gen_11
Time elapsed: 9.23 mins

--- Generation 12 ---
Logging to /home/jnn.aurich/kuhhandel-ml/rl/train/itp/tensorboard_logs/MaskablePPO_0
---------------------------------
| rollout/           |          |
|    ep_len_mean     | 171      |
|    ep_rew_mean     | 1.21     |
| time/              |          |
|    fps             | 2400     |
|    iterations      | 1        |
|    time_elapsed    | 27       |
|    total_timesteps | 786432   |
---------------------------------
Saved generation 12 to /home/jnn.aurich/kuhhandel-ml/rl/train/itp/models/selfplay_pool/gen_12
Time elapsed: 10.10 mins

--- Generation 13 ---
Logging to /home/jnn.aurich/kuhhandel-ml/rl/train/itp/tensorboard_logs/MaskablePPO_0
---------------------------------
| rollout/           |          |
|    ep_len_mean     | 165      |
|    ep_rew_mean     | 1.25     |
| time/              |          |
|    fps             | 2419     |
|    iterations      | 1        |
|    time_elapsed    | 27       |
|    total_timesteps | 851968   |
---------------------------------
Saved generation 13 to /home/jnn.aurich/kuhhandel-ml/rl/train/itp/models/selfplay_pool/gen_13
Time elapsed: 10.96 mins

--- Generation 14 ---
Logging to /home/jnn.aurich/kuhhandel-ml/rl/train/itp/tensorboard_logs/MaskablePPO_0
---------------------------------
| rollout/           |          |
|    ep_len_mean     | 170      |
|    ep_rew_mean     | 1.12     |
| time/              |          |
|    fps             | 2388     |
|    iterations      | 1        |
|    time_elapsed    | 27       |
|    total_timesteps | 917504   |
---------------------------------
Saved generation 14 to /home/jnn.aurich/kuhhandel-ml/rl/train/itp/models/selfplay_pool/gen_14
Time elapsed: 11.83 mins

--- Generation 15 ---
Logging to /home/jnn.aurich/kuhhandel-ml/rl/train/itp/tensorboard_logs/MaskablePPO_0
---------------------------------
| rollout/           |          |
|    ep_len_mean     | 168      |
|    ep_rew_mean     | 1.11     |
| time/              |          |
|    fps             | 2433     |
|    iterations      | 1        |
|    time_elapsed    | 26       |
|    total_timesteps | 983040   |
---------------------------------
Saved generation 15 to /home/jnn.aurich/kuhhandel-ml/rl/train/itp/models/selfplay_pool/gen_15
Time elapsed: 12.69 mins

--- Generation 16 ---
Logging to /home/jnn.aurich/kuhhandel-ml/rl/train/itp/tensorboard_logs/MaskablePPO_0
---------------------------------
| rollout/           |          |
|    ep_len_mean     | 168      |
|    ep_rew_mean     | 1.27     |
| time/              |          |
|    fps             | 2384     |
|    iterations      | 1        |
|    time_elapsed    | 27       |
|    total_timesteps | 1048576  |
---------------------------------
Saved generation 16 to /home/jnn.aurich/kuhhandel-ml/rl/train/itp/models/selfplay_pool/gen_16
Time elapsed: 13.56 mins

--- Generation 17 ---
Logging to /home/jnn.aurich/kuhhandel-ml/rl/train/itp/tensorboard_logs/MaskablePPO_0
---------------------------------
| rollout/           |          |
|    ep_len_mean     | 164      |
|    ep_rew_mean     | 1.45     |
| time/              |          |
|    fps             | 2438     |
|    iterations      | 1        |
|    time_elapsed    | 26       |
|    total_timesteps | 1114112  |
---------------------------------
Saved generation 17 to /home/jnn.aurich/kuhhandel-ml/rl/train/itp/models/selfplay_pool/gen_17
Time elapsed: 14.42 mins

--- Generation 18 ---
Logging to /home/jnn.aurich/kuhhandel-ml/rl/train/itp/tensorboard_logs/MaskablePPO_0
---------------------------------
| rollout/           |          |
|    ep_len_mean     | 161      |
|    ep_rew_mean     | 1.39     |
| time/              |          |
|    fps             | 2412     |
|    iterations      | 1        |
|    time_elapsed    | 27       |
|    total_timesteps | 1179648  |
---------------------------------
Saved generation 18 to /home/jnn.aurich/kuhhandel-ml/rl/train/itp/models/selfplay_pool/gen_18
Time elapsed: 15.29 mins

--- Generation 19 ---
Logging to /home/jnn.aurich/kuhhandel-ml/rl/train/itp/tensorboard_logs/MaskablePPO_0
---------------------------------
| rollout/           |          |
|    ep_len_mean     | 159      |
|    ep_rew_mean     | 1.48     |
| time/              |          |
|    fps             | 2471     |
|    iterations      | 1        |
|    time_elapsed    | 26       |
|    total_timesteps | 1245184  |
---------------------------------
Saved generation 19 to /home/jnn.aurich/kuhhandel-ml/rl/train/itp/models/selfplay_pool/gen_19
Time elapsed: 16.14 mins

--- Generation 20 ---
Logging to /home/jnn.aurich/kuhhandel-ml/rl/train/itp/tensorboard_logs/MaskablePPO_0
---------------------------------
| rollout/           |          |
|    ep_len_mean     | 161      |
|    ep_rew_mean     | 1.45     |
| time/              |          |
|    fps             | 2448     |
|    iterations      | 1        |
|    time_elapsed    | 26       |
|    total_timesteps | 1310720  |
---------------------------------
Saved generation 20 to /home/jnn.aurich/kuhhandel-ml/rl/train/itp/models/selfplay_pool/gen_20
Time elapsed: 17.00 mins

--- Generation 21 ---
Logging to /home/jnn.aurich/kuhhandel-ml/rl/train/itp/tensorboard_logs/MaskablePPO_0
---------------------------------
| rollout/           |          |
|    ep_len_mean     | 164      |
|    ep_rew_mean     | 1.48     |
| time/              |          |
|    fps             | 2443     |
|    iterations      | 1        |
|    time_elapsed    | 26       |
|    total_timesteps | 1376256  |
---------------------------------
Saved generation 21 to /home/jnn.aurich/kuhhandel-ml/rl/train/itp/models/selfplay_pool/gen_21
Time elapsed: 17.86 mins

--- Generation 22 ---
Logging to /home/jnn.aurich/kuhhandel-ml/rl/train/itp/tensorboard_logs/MaskablePPO_0
---------------------------------
| rollout/           |          |
|    ep_len_mean     | 165      |
|    ep_rew_mean     | 1.59     |
| time/              |          |
|    fps             | 2515     |
|    iterations      | 1        |
|    time_elapsed    | 26       |
|    total_timesteps | 1441792  |
---------------------------------
Saved generation 22 to /home/jnn.aurich/kuhhandel-ml/rl/train/itp/models/selfplay_pool/gen_22
Time elapsed: 18.71 mins

--- Generation 23 ---
Logging to /home/jnn.aurich/kuhhandel-ml/rl/train/itp/tensorboard_logs/MaskablePPO_0
---------------------------------
| rollout/           |          |
|    ep_len_mean     | 161      |
|    ep_rew_mean     | 1.43     |
| time/              |          |
|    fps             | 2426     |
|    iterations      | 1        |
|    time_elapsed    | 27       |
|    total_timesteps | 1507328  |
---------------------------------
Saved generation 23 to /home/jnn.aurich/kuhhandel-ml/rl/train/itp/models/selfplay_pool/gen_23
Time elapsed: 19.57 mins

--- Generation 24 ---
Logging to /home/jnn.aurich/kuhhandel-ml/rl/train/itp/tensorboard_logs/MaskablePPO_0
---------------------------------
| rollout/           |          |
|    ep_len_mean     | 161      |
|    ep_rew_mean     | 1.41     |
| time/              |          |
|    fps             | 2489     |
|    iterations      | 1        |
|    time_elapsed    | 26       |
|    total_timesteps | 1572864  |
---------------------------------
Saved generation 24 to /home/jnn.aurich/kuhhandel-ml/rl/train/itp/models/selfplay_pool/gen_24
Time elapsed: 20.43 mins

--- Generation 25 ---
Logging to /home/jnn.aurich/kuhhandel-ml/rl/train/itp/tensorboard_logs/MaskablePPO_0
---------------------------------
| rollout/           |          |
|    ep_len_mean     | 163      |
|    ep_rew_mean     | 1.41     |
| time/              |          |
|    fps             | 2442     |
|    iterations      | 1        |
|    time_elapsed    | 26       |
|    total_timesteps | 1638400  |
---------------------------------
Saved generation 25 to /home/jnn.aurich/kuhhandel-ml/rl/train/itp/models/selfplay_pool/gen_25
Time elapsed: 21.29 mins

--- Generation 26 ---
Logging to /home/jnn.aurich/kuhhandel-ml/rl/train/itp/tensorboard_logs/MaskablePPO_0
---------------------------------
| rollout/           |          |
|    ep_len_mean     | 161      |
|    ep_rew_mean     | 1.66     |
| time/              |          |
|    fps             | 2441     |
|    iterations      | 1        |
|    time_elapsed    | 26       |
|    total_timesteps | 1703936  |
---------------------------------
Saved generation 26 to /home/jnn.aurich/kuhhandel-ml/rl/train/itp/models/selfplay_pool/gen_26
Time elapsed: 22.15 mins

--- Generation 27 ---
Logging to /home/jnn.aurich/kuhhandel-ml/rl/train/itp/tensorboard_logs/MaskablePPO_0
---------------------------------
| rollout/           |          |
|    ep_len_mean     | 159      |
|    ep_rew_mean     | 1.83     |
| time/              |          |
|    fps             | 2489     |
|    iterations      | 1        |
|    time_elapsed    | 26       |
|    total_timesteps | 1769472  |
---------------------------------
Saved generation 27 to /home/jnn.aurich/kuhhandel-ml/rl/train/itp/models/selfplay_pool/gen_27
Time elapsed: 23.01 mins

--- Generation 28 ---
Logging to /home/jnn.aurich/kuhhandel-ml/rl/train/itp/tensorboard_logs/MaskablePPO_0
---------------------------------
| rollout/           |          |
|    ep_len_mean     | 157      |
|    ep_rew_mean     | 1.86     |
| time/              |          |
|    fps             | 2480     |
|    iterations      | 1        |
|    time_elapsed    | 26       |
|    total_timesteps | 1835008  |
---------------------------------
Saved generation 28 to /home/jnn.aurich/kuhhandel-ml/rl/train/itp/models/selfplay_pool/gen_28
Time elapsed: 23.87 mins

--- Generation 29 ---
Logging to /home/jnn.aurich/kuhhandel-ml/rl/train/itp/tensorboard_logs/MaskablePPO_0
---------------------------------
| rollout/           |          |
|    ep_len_mean     | 156      |
|    ep_rew_mean     | 1.93     |
| time/              |          |
|    fps             | 2458     |
|    iterations      | 1        |
|    time_elapsed    | 26       |
|    total_timesteps | 1900544  |
---------------------------------
Saved generation 29 to /home/jnn.aurich/kuhhandel-ml/rl/train/itp/models/selfplay_pool/gen_29
Time elapsed: 24.73 mins

--- Generation 30 ---
Logging to /home/jnn.aurich/kuhhandel-ml/rl/train/itp/tensorboard_logs/MaskablePPO_0
---------------------------------
| rollout/           |          |
|    ep_len_mean     | 155      |
|    ep_rew_mean     | 1.9      |
| time/              |          |
|    fps             | 2489     |
|    iterations      | 1        |
|    time_elapsed    | 26       |
|    total_timesteps | 1966080  |
---------------------------------
Saved generation 30 to /home/jnn.aurich/kuhhandel-ml/rl/train/itp/models/selfplay_pool/gen_0
Time elapsed: 25.59 mins

--- Generation 31 ---
Logging to /home/jnn.aurich/kuhhandel-ml/rl/train/itp/tensorboard_logs/MaskablePPO_0
---------------------------------
| rollout/           |          |
|    ep_len_mean     | 157      |
|    ep_rew_mean     | 1.62     |
| time/              |          |
|    fps             | 2432     |
|    iterations      | 1        |
|    time_elapsed    | 26       |
|    total_timesteps | 2031616  |
---------------------------------
Saved generation 31 to /home/jnn.aurich/kuhhandel-ml/rl/train/itp/models/selfplay_pool/gen_1
Time elapsed: 26.45 mins

--- Generation 32 ---
Logging to /home/jnn.aurich/kuhhandel-ml/rl/train/itp/tensorboard_logs/MaskablePPO_0
---------------------------------
| rollout/           |          |
|    ep_len_mean     | 155      |
|    ep_rew_mean     | 1.88     |
| time/              |          |
|    fps             | 2527     |
|    iterations      | 1        |
|    time_elapsed    | 25       |
|    total_timesteps | 2097152  |
---------------------------------
Saved generation 32 to /home/jnn.aurich/kuhhandel-ml/rl/train/itp/models/selfplay_pool/gen_2
Time elapsed: 27.30 mins

--- Generation 33 ---
Logging to /home/jnn.aurich/kuhhandel-ml/rl/train/itp/tensorboard_logs/MaskablePPO_0
---------------------------------
| rollout/           |          |
|    ep_len_mean     | 156      |
|    ep_rew_mean     | 1.77     |
| time/              |          |
|    fps             | 2535     |
|    iterations      | 1        |
|    time_elapsed    | 25       |
|    total_timesteps | 2162688  |
---------------------------------
Saved generation 33 to /home/jnn.aurich/kuhhandel-ml/rl/train/itp/models/selfplay_pool/gen_3
Time elapsed: 28.15 mins

--- Generation 34 ---
Logging to /home/jnn.aurich/kuhhandel-ml/rl/train/itp/tensorboard_logs/MaskablePPO_0
---------------------------------
| rollout/           |          |
|    ep_len_mean     | 153      |
|    ep_rew_mean     | 2.06     |
| time/              |          |
|    fps             | 2511     |
|    iterations      | 1        |
|    time_elapsed    | 26       |
|    total_timesteps | 2228224  |
---------------------------------
Saved generation 34 to /home/jnn.aurich/kuhhandel-ml/rl/train/itp/models/selfplay_pool/gen_4
Time elapsed: 29.01 mins

--- Generation 35 ---
Logging to /home/jnn.aurich/kuhhandel-ml/rl/train/itp/tensorboard_logs/MaskablePPO_0
---------------------------------
| rollout/           |          |
|    ep_len_mean     | 155      |
|    ep_rew_mean     | 1.84     |
| time/              |          |
|    fps             | 2503     |
|    iterations      | 1        |
|    time_elapsed    | 26       |
|    total_timesteps | 2293760  |
---------------------------------
Saved generation 35 to /home/jnn.aurich/kuhhandel-ml/rl/train/itp/models/selfplay_pool/gen_5
Time elapsed: 29.86 mins

--- Generation 36 ---
Logging to /home/jnn.aurich/kuhhandel-ml/rl/train/itp/tensorboard_logs/MaskablePPO_0
---------------------------------
| rollout/           |          |
|    ep_len_mean     | 154      |
|    ep_rew_mean     | 2.04     |
| time/              |          |
|    fps             | 2534     |
|    iterations      | 1        |
|    time_elapsed    | 25       |
|    total_timesteps | 2359296  |
---------------------------------
Saved generation 36 to /home/jnn.aurich/kuhhandel-ml/rl/train/itp/models/selfplay_pool/gen_6
Time elapsed: 30.71 mins

--- Generation 37 ---
Logging to /home/jnn.aurich/kuhhandel-ml/rl/train/itp/tensorboard_logs/MaskablePPO_0
---------------------------------
| rollout/           |          |
|    ep_len_mean     | 157      |
|    ep_rew_mean     | 2.15     |
| time/              |          |
|    fps             | 2515     |
|    iterations      | 1        |
|    time_elapsed    | 26       |
|    total_timesteps | 2424832  |
---------------------------------
