Starting Self-Play Training with 32 parallel environments...

--- Generation 1 ---
---------------------------------
| rollout/           |          |
|    ep_len_mean     | 154      |
|    ep_rew_mean     | -5.3     |
| time/              |          |
|    fps             | 1004     |
|    iterations      | 1        |
|    time_elapsed    | 65       |
|    total_timesteps | 2621440  |
---------------------------------
----------------------------------------
| rollout/                |            |
|    ep_len_mean          | 153        |
|    ep_rew_mean          | -4.88      |
| time/                   |            |
|    fps                  | 379        |
|    iterations           | 2          |
|    time_elapsed         | 345        |
|    total_timesteps      | 2686976    |
| train/                  |            |
|    approx_kl            | 0.23018913 |
|    clip_fraction        | 0.245      |
|    clip_range           | 0.2        |
|    entropy_loss         | -0.343     |
|    explained_variance   | 0.695      |
|    learning_rate        | 0.0003     |
|    loss                 | 0.0795     |
|    n_updates            | 400        |
|    policy_gradient_loss | -0.034     |
|    value_loss           | 1.18       |
----------------------------------------
Saved generation 1 to /home/jnn.aurich/kuhhandel-ml/itp/models/selfplay_pool/gen_2
Time elapsed: 9.58 mins

--- Generation 2 ---
---------------------------------
| rollout/           |          |
|    ep_len_mean     | 152      |
|    ep_rew_mean     | -5.05    |
| time/              |          |
|    fps             | 1235     |
|    iterations      | 1        |
|    time_elapsed    | 53       |
|    total_timesteps | 2752512  |
---------------------------------
----------------------------------------
| rollout/                |            |
|    ep_len_mean          | 153        |
|    ep_rew_mean          | -3.52      |
| time/                   |            |
|    fps                  | 392        |
|    iterations           | 2          |
|    time_elapsed         | 334        |
|    total_timesteps      | 2818048    |
| train/                  |            |
|    approx_kl            | 0.22786362 |
|    clip_fraction        | 0.239      |
|    clip_range           | 0.2        |
|    entropy_loss         | -0.32      |
|    explained_variance   | 0.726      |
|    learning_rate        | 0.0003     |
|    loss                 | 0.149      |
|    n_updates            | 420        |
|    policy_gradient_loss | -0.0321    |
|    value_loss           | 1.16       |
----------------------------------------
Saved generation 2 to /home/jnn.aurich/kuhhandel-ml/itp/models/selfplay_pool/gen_3
Time elapsed: 18.96 mins

--- Generation 3 ---
---------------------------------
| rollout/           |          |
|    ep_len_mean     | 155      |
|    ep_rew_mean     | -3.04    |
| time/              |          |
|    fps             | 1254     |
|    iterations      | 1        |
|    time_elapsed    | 52       |
|    total_timesteps | 2883584  |
---------------------------------
----------------------------------------
| rollout/                |            |
|    ep_len_mean          | 156        |
|    ep_rew_mean          | -1.05      |
| time/                   |            |
|    fps                  | 393        |
|    iterations           | 2          |
|    time_elapsed         | 333        |
|    total_timesteps      | 2949120    |
| train/                  |            |
|    approx_kl            | 0.22638008 |
|    clip_fraction        | 0.237      |
|    clip_range           | 0.2        |
|    entropy_loss         | -0.31      |
|    explained_variance   | 0.734      |
|    learning_rate        | 0.0003     |
|    loss                 | 0.206      |
|    n_updates            | 440        |
|    policy_gradient_loss | -0.0312    |
|    value_loss           | 1.1        |
----------------------------------------
Saved generation 3 to /home/jnn.aurich/kuhhandel-ml/itp/models/selfplay_pool/gen_4
Time elapsed: 28.38 mins

--- Generation 4 ---
---------------------------------
| rollout/           |          |
|    ep_len_mean     | 149      |
|    ep_rew_mean     | -1.08    |
| time/              |          |
|    fps             | 1253     |
|    iterations      | 1        |
|    time_elapsed    | 52       |
|    total_timesteps | 3014656  |
---------------------------------
----------------------------------------
| rollout/                |            |
|    ep_len_mean          | 150        |
|    ep_rew_mean          | 1.61       |
| time/                   |            |
|    fps                  | 388        |
|    iterations           | 2          |
|    time_elapsed         | 337        |
|    total_timesteps      | 3080192    |
| train/                  |            |
|    approx_kl            | 0.22734058 |
|    clip_fraction        | 0.23       |
|    clip_range           | 0.2        |
|    entropy_loss         | -0.293     |
|    explained_variance   | 0.734      |
|    learning_rate        | 0.0003     |
|    loss                 | 0.108      |
|    n_updates            | 460        |
|    policy_gradient_loss | -0.0302    |
|    value_loss           | 1.13       |
----------------------------------------
Saved generation 4 to /home/jnn.aurich/kuhhandel-ml/itp/models/selfplay_pool/gen_1
Time elapsed: 37.92 mins

--- Generation 5 ---
---------------------------------
| rollout/           |          |
|    ep_len_mean     | 147      |
|    ep_rew_mean     | 1.12     |
| time/              |          |
|    fps             | 1235     |
|    iterations      | 1        |
|    time_elapsed    | 53       |
|    total_timesteps | 3145728  |
---------------------------------
----------------------------------------
| rollout/                |            |
|    ep_len_mean          | 149        |
|    ep_rew_mean          | 2.86       |
| time/                   |            |
|    fps                  | 384        |
|    iterations           | 2          |
|    time_elapsed         | 340        |
|    total_timesteps      | 3211264    |
| train/                  |            |
|    approx_kl            | 0.23313439 |
|    clip_fraction        | 0.229      |
|    clip_range           | 0.2        |
|    entropy_loss         | -0.286     |
|    explained_variance   | 0.746      |
|    learning_rate        | 0.0003     |
|    loss                 | 0.0882     |
|    n_updates            | 480        |
|    policy_gradient_loss | -0.0295    |
|    value_loss           | 0.996      |
----------------------------------------
Saved generation 5 to /home/jnn.aurich/kuhhandel-ml/itp/models/selfplay_pool/gen_2
Time elapsed: 47.54 mins

--- Generation 6 ---
---------------------------------
| rollout/           |          |
|    ep_len_mean     | 149      |
|    ep_rew_mean     | 2.84     |
| time/              |          |
|    fps             | 1232     |
|    iterations      | 1        |
|    time_elapsed    | 53       |
|    total_timesteps | 3276800  |
---------------------------------
---------------------------------------
| rollout/                |           |
|    ep_len_mean          | 150       |
|    ep_rew_mean          | 0.218     |
| time/                   |           |
|    fps                  | 383       |
|    iterations           | 2         |
|    time_elapsed         | 341       |
|    total_timesteps      | 3342336   |
| train/                  |           |
|    approx_kl            | 0.2351335 |
|    clip_fraction        | 0.224     |
|    clip_range           | 0.2       |
|    entropy_loss         | -0.277    |
|    explained_variance   | 0.753     |
|    learning_rate        | 0.0003    |
|    loss                 | 0.121     |
|    n_updates            | 500       |
|    policy_gradient_loss | -0.0286   |
|    value_loss           | 1.07      |
---------------------------------------
Saved generation 6 to /home/jnn.aurich/kuhhandel-ml/itp/models/selfplay_pool/gen_3
Time elapsed: 57.24 mins

--- Generation 7 ---
---------------------------------
| rollout/           |          |
|    ep_len_mean     | 145      |
|    ep_rew_mean     | 3.89     |
| time/              |          |
|    fps             | 1227     |
|    iterations      | 1        |
|    time_elapsed    | 53       |
|    total_timesteps | 3407872  |
---------------------------------
--------------------------------------
| rollout/                |          |
|    ep_len_mean          | 148      |
|    ep_rew_mean          | 2.91     |
| time/                   |          |
|    fps                  | 377      |
|    iterations           | 2        |
|    time_elapsed         | 346      |
|    total_timesteps      | 3473408  |
| train/                  |          |
|    approx_kl            | 0.230888 |
|    clip_fraction        | 0.223    |
|    clip_range           | 0.2      |
|    entropy_loss         | -0.264   |
|    explained_variance   | 0.703    |
|    learning_rate        | 0.0003   |
|    loss                 | 0.0537   |
|    n_updates            | 520      |
|    policy_gradient_loss | -0.0283  |
|    value_loss           | 0.936    |
--------------------------------------
Saved generation 7 to /home/jnn.aurich/kuhhandel-ml/itp/models/selfplay_pool/gen_4
Time elapsed: 67.00 mins

--- Generation 8 ---
---------------------------------
| rollout/           |          |
|    ep_len_mean     | 145      |
|    ep_rew_mean     | 4.44     |
| time/              |          |
|    fps             | 1226     |
|    iterations      | 1        |
|    time_elapsed    | 53       |
|    total_timesteps | 3538944  |
---------------------------------
----------------------------------------
| rollout/                |            |
|    ep_len_mean          | 141        |
|    ep_rew_mean          | 5.07       |
| time/                   |            |
|    fps                  | 377        |
|    iterations           | 2          |
|    time_elapsed         | 347        |
|    total_timesteps      | 3604480    |
| train/                  |            |
|    approx_kl            | 0.24349266 |
|    clip_fraction        | 0.224      |
|    clip_range           | 0.2        |
|    entropy_loss         | -0.262     |
|    explained_variance   | 0.699      |
|    learning_rate        | 0.0003     |
|    loss                 | 0.0499     |
|    n_updates            | 540        |
|    policy_gradient_loss | -0.029     |
|    value_loss           | 0.893      |
----------------------------------------
Saved generation 8 to /home/jnn.aurich/kuhhandel-ml/itp/models/selfplay_pool/gen_1
Time elapsed: 76.79 mins

--- Generation 9 ---
---------------------------------
| rollout/           |          |
|    ep_len_mean     | 142      |
|    ep_rew_mean     | 6.26     |
| time/              |          |
|    fps             | 1226     |
|    iterations      | 1        |
|    time_elapsed    | 53       |
|    total_timesteps | 3670016  |
---------------------------------
----------------------------------------
| rollout/                |            |
|    ep_len_mean          | 140        |
|    ep_rew_mean          | 5.58       |
| time/                   |            |
|    fps                  | 375        |
|    iterations           | 2          |
|    time_elapsed         | 349        |
|    total_timesteps      | 3735552    |
| train/                  |            |
|    approx_kl            | 0.24206145 |
|    clip_fraction        | 0.222      |
|    clip_range           | 0.2        |
|    entropy_loss         | -0.255     |
|    explained_variance   | 0.704      |
|    learning_rate        | 0.0003     |
|    loss                 | 0.0635     |
|    n_updates            | 560        |
|    policy_gradient_loss | -0.0277    |
|    value_loss           | 0.785      |
----------------------------------------
Saved generation 9 to /home/jnn.aurich/kuhhandel-ml/itp/models/selfplay_pool/gen_2
Time elapsed: 86.66 mins

--- Generation 10 ---
---------------------------------
| rollout/           |          |
|    ep_len_mean     | 141      |
|    ep_rew_mean     | 5.82     |
| time/              |          |
|    fps             | 1219     |
|    iterations      | 1        |
|    time_elapsed    | 53       |
|    total_timesteps | 3801088  |
---------------------------------
----------------------------------------
| rollout/                |            |
|    ep_len_mean          | 143        |
|    ep_rew_mean          | 5.66       |
| time/                   |            |
|    fps                  | 371        |
|    iterations           | 2          |
|    time_elapsed         | 352        |
|    total_timesteps      | 3866624    |
| train/                  |            |
|    approx_kl            | 0.26512277 |
|    clip_fraction        | 0.22       |
|    clip_range           | 0.2        |
|    entropy_loss         | -0.248     |
|    explained_variance   | 0.692      |
|    learning_rate        | 0.0003     |
|    loss                 | 0.0931     |
|    n_updates            | 580        |
|    policy_gradient_loss | -0.028     |
|    value_loss           | 0.742      |
----------------------------------------
Saved generation 10 to /home/jnn.aurich/kuhhandel-ml/itp/models/selfplay_pool/gen_3
Time elapsed: 96.62 mins

--- Generation 11 ---
---------------------------------
| rollout/           |          |
|    ep_len_mean     | 141      |
|    ep_rew_mean     | 5.64     |
| time/              |          |
|    fps             | 1213     |
|    iterations      | 1        |
|    time_elapsed    | 53       |
|    total_timesteps | 3932160  |
---------------------------------
----------------------------------------
| rollout/                |            |
|    ep_len_mean          | 143        |
|    ep_rew_mean          | 5.64       |
| time/                   |            |
|    fps                  | 373        |
|    iterations           | 2          |
|    time_elapsed         | 351        |
|    total_timesteps      | 3997696    |
| train/                  |            |
|    approx_kl            | 0.27033952 |
|    clip_fraction        | 0.219      |
|    clip_range           | 0.2        |
|    entropy_loss         | -0.249     |
|    explained_variance   | 0.676      |
|    learning_rate        | 0.0003     |
|    loss                 | 0.057      |
|    n_updates            | 600        |
|    policy_gradient_loss | -0.0277    |
|    value_loss           | 0.815      |
----------------------------------------
Saved generation 11 to /home/jnn.aurich/kuhhandel-ml/itp/models/selfplay_pool/gen_4
Time elapsed: 106.55 mins

--- Generation 12 ---
---------------------------------
| rollout/           |          |
|    ep_len_mean     | 138      |
|    ep_rew_mean     | 5.81     |
| time/              |          |
|    fps             | 1202     |
|    iterations      | 1        |
|    time_elapsed    | 54       |
|    total_timesteps | 4063232  |
---------------------------------
----------------------------------------
| rollout/                |            |
|    ep_len_mean          | 136        |
|    ep_rew_mean          | 7.5        |
| time/                   |            |
|    fps                  | 369        |
|    iterations           | 2          |
|    time_elapsed         | 355        |
|    total_timesteps      | 4128768    |
| train/                  |            |
|    approx_kl            | 0.23904799 |
|    clip_fraction        | 0.215      |
|    clip_range           | 0.2        |
|    entropy_loss         | -0.235     |
|    explained_variance   | 0.7        |
|    learning_rate        | 0.0003     |
|    loss                 | 0.111      |
|    n_updates            | 620        |
|    policy_gradient_loss | -0.0272    |
|    value_loss           | 0.734      |
----------------------------------------
Saved generation 12 to /home/jnn.aurich/kuhhandel-ml/itp/models/selfplay_pool/gen_1
Time elapsed: 116.64 mins

--- Generation 13 ---
---------------------------------
| rollout/           |          |
|    ep_len_mean     | 135      |
|    ep_rew_mean     | 8.68     |
| time/              |          |
|    fps             | 1193     |
|    iterations      | 1        |
|    time_elapsed    | 54       |
|    total_timesteps | 4194304  |
---------------------------------
----------------------------------------
| rollout/                |            |
|    ep_len_mean          | 134        |
|    ep_rew_mean          | 8.57       |
| time/                   |            |
|    fps                  | 363        |
|    iterations           | 2          |
|    time_elapsed         | 360        |
|    total_timesteps      | 4259840    |
| train/                  |            |
|    approx_kl            | 0.24249905 |
|    clip_fraction        | 0.214      |
|    clip_range           | 0.2        |
|    entropy_loss         | -0.233     |
|    explained_variance   | 0.662      |
|    learning_rate        | 0.0003     |
|    loss                 | 0.104      |
|    n_updates            | 640        |
|    policy_gradient_loss | -0.0263    |
|    value_loss           | 0.704      |
----------------------------------------
Saved generation 13 to /home/jnn.aurich/kuhhandel-ml/itp/models/selfplay_pool/gen_2
Time elapsed: 126.87 mins

--- Generation 14 ---
---------------------------------
| rollout/           |          |
|    ep_len_mean     | 136      |
|    ep_rew_mean     | 8.21     |
| time/              |          |
|    fps             | 1192     |
|    iterations      | 1        |
|    time_elapsed    | 54       |
|    total_timesteps | 4325376  |
---------------------------------
----------------------------------------
| rollout/                |            |
|    ep_len_mean          | 136        |
|    ep_rew_mean          | 8.23       |
| time/                   |            |
|    fps                  | 360        |
|    iterations           | 2          |
|    time_elapsed         | 363        |
|    total_timesteps      | 4390912    |
| train/                  |            |
|    approx_kl            | 0.23114417 |
|    clip_fraction        | 0.209      |
|    clip_range           | 0.2        |
|    entropy_loss         | -0.231     |
|    explained_variance   | 0.645      |
|    learning_rate        | 0.0003     |
|    loss                 | 0.0588     |
|    n_updates            | 660        |
|    policy_gradient_loss | -0.0266    |
|    value_loss           | 0.75       |
----------------------------------------
Saved generation 14 to /home/jnn.aurich/kuhhandel-ml/itp/models/selfplay_pool/gen_3
Time elapsed: 137.20 mins

--- Generation 15 ---
---------------------------------
| rollout/           |          |
|    ep_len_mean     | 137      |
|    ep_rew_mean     | 8.91     |
| time/              |          |
|    fps             | 1187     |
|    iterations      | 1        |
|    time_elapsed    | 55       |
|    total_timesteps | 4456448  |
---------------------------------
--------------------------------------
| rollout/                |          |
|    ep_len_mean          | 135      |
|    ep_rew_mean          | 8.53     |
| time/                   |          |
|    fps                  | 356      |
|    iterations           | 2        |
|    time_elapsed         | 367      |
|    total_timesteps      | 4521984  |
| train/                  |          |
|    approx_kl            | 0.257755 |
|    clip_fraction        | 0.211    |
|    clip_range           | 0.2      |
|    entropy_loss         | -0.228   |
|    explained_variance   | 0.631    |
|    learning_rate        | 0.0003   |
|    loss                 | 0.106    |
|    n_updates            | 680      |
|    policy_gradient_loss | -0.0264  |
|    value_loss           | 0.697    |
--------------------------------------
Saved generation 15 to /home/jnn.aurich/kuhhandel-ml/itp/models/selfplay_pool/gen_4
Time elapsed: 147.60 mins

--- Generation 16 ---
---------------------------------
| rollout/           |          |
|    ep_len_mean     | 134      |
|    ep_rew_mean     | 9.83     |
| time/              |          |
|    fps             | 1184     |
|    iterations      | 1        |
|    time_elapsed    | 55       |
|    total_timesteps | 4587520  |
---------------------------------
----------------------------------------
| rollout/                |            |
|    ep_len_mean          | 133        |
|    ep_rew_mean          | 10.2       |
| time/                   |            |
|    fps                  | 359        |
|    iterations           | 2          |
|    time_elapsed         | 364        |
|    total_timesteps      | 4653056    |
| train/                  |            |
|    approx_kl            | 0.24074908 |
|    clip_fraction        | 0.21       |
|    clip_range           | 0.2        |
|    entropy_loss         | -0.228     |
|    explained_variance   | 0.615      |
|    learning_rate        | 0.0003     |
|    loss                 | 0.139      |
|    n_updates            | 700        |
|    policy_gradient_loss | -0.0268    |
|    value_loss           | 0.664      |
----------------------------------------
Saved generation 16 to /home/jnn.aurich/kuhhandel-ml/itp/models/selfplay_pool/gen_1
Time elapsed: 157.96 mins

--- Generation 17 ---
---------------------------------
| rollout/           |          |
|    ep_len_mean     | 132      |
|    ep_rew_mean     | 9.65     |
| time/              |          |
|    fps             | 1175     |
|    iterations      | 1        |
|    time_elapsed    | 55       |
|    total_timesteps | 4718592  |
---------------------------------
----------------------------------------
| rollout/                |            |
|    ep_len_mean          | 130        |
|    ep_rew_mean          | 10.3       |
| time/                   |            |
|    fps                  | 356        |
|    iterations           | 2          |
|    time_elapsed         | 367        |
|    total_timesteps      | 4784128    |
| train/                  |            |
|    approx_kl            | 0.24908781 |
|    clip_fraction        | 0.208      |
|    clip_range           | 0.2        |
|    entropy_loss         | -0.221     |
|    explained_variance   | 0.61       |
|    learning_rate        | 0.0003     |
|    loss                 | 0.194      |
|    n_updates            | 720        |
|    policy_gradient_loss | -0.0264    |
|    value_loss           | 0.651      |
----------------------------------------
Saved generation 17 to /home/jnn.aurich/kuhhandel-ml/itp/models/selfplay_pool/gen_2
Time elapsed: 168.36 mins

--- Generation 18 ---
---------------------------------
| rollout/           |          |
|    ep_len_mean     | 132      |
|    ep_rew_mean     | 10.3     |
| time/              |          |
|    fps             | 1179     |
|    iterations      | 1        |
|    time_elapsed    | 55       |
|    total_timesteps | 4849664  |
---------------------------------
----------------------------------------
| rollout/                |            |
|    ep_len_mean          | 131        |
|    ep_rew_mean          | 10.4       |
| time/                   |            |
|    fps                  | 354        |
|    iterations           | 2          |
|    time_elapsed         | 370        |
|    total_timesteps      | 4915200    |
| train/                  |            |
|    approx_kl            | 0.24975668 |
|    clip_fraction        | 0.209      |
|    clip_range           | 0.2        |
|    entropy_loss         | -0.218     |
|    explained_variance   | 0.619      |
|    learning_rate        | 0.0003     |
|    loss                 | 0.117      |
|    n_updates            | 740        |
|    policy_gradient_loss | -0.0258    |
|    value_loss           | 0.587      |
----------------------------------------
Saved generation 18 to /home/jnn.aurich/kuhhandel-ml/itp/models/selfplay_pool/gen_3
Time elapsed: 178.87 mins

--- Generation 19 ---
---------------------------------
| rollout/           |          |
|    ep_len_mean     | 130      |
|    ep_rew_mean     | 10.7     |
| time/              |          |
|    fps             | 1162     |
|    iterations      | 1        |
|    time_elapsed    | 56       |
|    total_timesteps | 4980736  |
---------------------------------
----------------------------------------
| rollout/                |            |
|    ep_len_mean          | 130        |
|    ep_rew_mean          | 11.8       |
| time/                   |            |
|    fps                  | 351        |
|    iterations           | 2          |
|    time_elapsed         | 372        |
|    total_timesteps      | 5046272    |
| train/                  |            |
|    approx_kl            | 0.27919263 |
|    clip_fraction        | 0.206      |
|    clip_range           | 0.2        |
|    entropy_loss         | -0.212     |
|    explained_variance   | 0.59       |
|    learning_rate        | 0.0003     |
|    loss                 | 0.0495     |
|    n_updates            | 760        |
|    policy_gradient_loss | -0.025     |
|    value_loss           | 0.558      |
----------------------------------------
Saved generation 19 to /home/jnn.aurich/kuhhandel-ml/itp/models/selfplay_pool/gen_4
Time elapsed: 189.39 mins

--- Generation 20 ---
---------------------------------
| rollout/           |          |
|    ep_len_mean     | 127      |
|    ep_rew_mean     | 11.3     |
| time/              |          |
|    fps             | 1164     |
|    iterations      | 1        |
|    time_elapsed    | 56       |
|    total_timesteps | 5111808  |
---------------------------------
----------------------------------------
| rollout/                |            |
|    ep_len_mean          | 127        |
|    ep_rew_mean          | 12.4       |
| time/                   |            |
|    fps                  | 351        |
|    iterations           | 2          |
|    time_elapsed         | 372        |
|    total_timesteps      | 5177344    |
| train/                  |            |
|    approx_kl            | 0.24880394 |
|    clip_fraction        | 0.204      |
|    clip_range           | 0.2        |
|    entropy_loss         | -0.211     |
|    explained_variance   | 0.559      |
|    learning_rate        | 0.0003     |
|    loss                 | 0.125      |
|    n_updates            | 780        |
|    policy_gradient_loss | -0.0251    |
|    value_loss           | 0.64       |
----------------------------------------
Saved generation 20 to /home/jnn.aurich/kuhhandel-ml/itp/models/selfplay_pool/gen_1
Time elapsed: 199.96 mins

--- Generation 21 ---
---------------------------------
| rollout/           |          |
|    ep_len_mean     | 127      |
|    ep_rew_mean     | 13.3     |
| time/              |          |
|    fps             | 1165     |
|    iterations      | 1        |
|    time_elapsed    | 56       |
|    total_timesteps | 5242880  |
---------------------------------
----------------------------------------
| rollout/                |            |
|    ep_len_mean          | 127        |
|    ep_rew_mean          | 12.8       |
| time/                   |            |
|    fps                  | 350        |
|    iterations           | 2          |
|    time_elapsed         | 374        |
|    total_timesteps      | 5308416    |
| train/                  |            |
|    approx_kl            | 0.27338612 |
|    clip_fraction        | 0.207      |
|    clip_range           | 0.2        |
|    entropy_loss         | -0.21      |
|    explained_variance   | 0.58       |
|    learning_rate        | 0.0003     |
|    loss                 | 0.148      |
|    n_updates            | 800        |
|    policy_gradient_loss | -0.0253    |
|    value_loss           | 0.526      |
----------------------------------------
Saved generation 21 to /home/jnn.aurich/kuhhandel-ml/itp/models/selfplay_pool/gen_2
Time elapsed: 210.58 mins

--- Generation 22 ---
---------------------------------
| rollout/           |          |
|    ep_len_mean     | 128      |
|    ep_rew_mean     | 13.3     |
| time/              |          |
|    fps             | 1163     |
|    iterations      | 1        |
|    time_elapsed    | 56       |
|    total_timesteps | 5373952  |
---------------------------------
----------------------------------------
| rollout/                |            |
|    ep_len_mean          | 127        |
|    ep_rew_mean          | 13.1       |
| time/                   |            |
|    fps                  | 351        |
|    iterations           | 2          |
|    time_elapsed         | 372        |
|    total_timesteps      | 5439488    |
| train/                  |            |
|    approx_kl            | 0.25533432 |
|    clip_fraction        | 0.209      |
|    clip_range           | 0.2        |
|    entropy_loss         | -0.208     |
|    explained_variance   | 0.572      |
|    learning_rate        | 0.0003     |
|    loss                 | 0.146      |
|    n_updates            | 820        |
|    policy_gradient_loss | -0.0256    |
|    value_loss           | 0.499      |
----------------------------------------
Saved generation 22 to /home/jnn.aurich/kuhhandel-ml/itp/models/selfplay_pool/gen_3
Time elapsed: 221.14 mins

--- Generation 23 ---
---------------------------------
| rollout/           |          |
|    ep_len_mean     | 127      |
|    ep_rew_mean     | 12.7     |
| time/              |          |
|    fps             | 1163     |
|    iterations      | 1        |
|    time_elapsed    | 56       |
|    total_timesteps | 5505024  |
---------------------------------
---------------------------------------
| rollout/                |           |
|    ep_len_mean          | 128       |
|    ep_rew_mean          | 12.6      |
| time/                   |           |
|    fps                  | 351       |
|    iterations           | 2         |
|    time_elapsed         | 373       |
|    total_timesteps      | 5570560   |
| train/                  |           |
|    approx_kl            | 0.2500167 |
|    clip_fraction        | 0.202     |
|    clip_range           | 0.2       |
|    entropy_loss         | -0.205    |
|    explained_variance   | 0.48      |
|    learning_rate        | 0.0003    |
|    loss                 | 0.0163    |
|    n_updates            | 840       |
|    policy_gradient_loss | -0.0247   |
|    value_loss           | 0.576     |
---------------------------------------
Saved generation 23 to /home/jnn.aurich/kuhhandel-ml/itp/models/selfplay_pool/gen_4
Time elapsed: 231.76 mins

--- Generation 24 ---
---------------------------------
| rollout/           |          |
|    ep_len_mean     | 129      |
|    ep_rew_mean     | 12.8     |
| time/              |          |
|    fps             | 1160     |
|    iterations      | 1        |
|    time_elapsed    | 56       |
|    total_timesteps | 5636096  |
---------------------------------
----------------------------------------
| rollout/                |            |
|    ep_len_mean          | 128        |
|    ep_rew_mean          | 13.7       |
| time/                   |            |
|    fps                  | 349        |
|    iterations           | 2          |
|    time_elapsed         | 374        |
|    total_timesteps      | 5701632    |
| train/                  |            |
|    approx_kl            | 0.24692887 |
|    clip_fraction        | 0.2        |
|    clip_range           | 0.2        |
|    entropy_loss         | -0.202     |
|    explained_variance   | 0.539      |
|    learning_rate        | 0.0003     |
|    loss                 | 0.0938     |
|    n_updates            | 860        |
|    policy_gradient_loss | -0.0251    |
|    value_loss           | 0.591      |
----------------------------------------
Saved generation 24 to /home/jnn.aurich/kuhhandel-ml/itp/models/selfplay_pool/gen_1
Time elapsed: 242.37 mins

--- Generation 25 ---
---------------------------------
| rollout/           |          |
|    ep_len_mean     | 125      |
|    ep_rew_mean     | 12.6     |
| time/              |          |
|    fps             | 1162     |
|    iterations      | 1        |
|    time_elapsed    | 56       |
|    total_timesteps | 5767168  |
---------------------------------
----------------------------------------
| rollout/                |            |
|    ep_len_mean          | 126        |
|    ep_rew_mean          | 13.4       |
| time/                   |            |
|    fps                  | 349        |
|    iterations           | 2          |
|    time_elapsed         | 374        |
|    total_timesteps      | 5832704    |
| train/                  |            |
|    approx_kl            | 0.24956517 |
|    clip_fraction        | 0.199      |
|    clip_range           | 0.2        |
|    entropy_loss         | -0.199     |
|    explained_variance   | 0.48       |
|    learning_rate        | 0.0003     |
|    loss                 | 0.0698     |
|    n_updates            | 880        |
|    policy_gradient_loss | -0.0243    |
|    value_loss           | 0.634      |
----------------------------------------
Saved generation 25 to /home/jnn.aurich/kuhhandel-ml/itp/models/selfplay_pool/gen_2
Time elapsed: 253.00 mins

--- Generation 26 ---
---------------------------------
| rollout/           |          |
|    ep_len_mean     | 125      |
|    ep_rew_mean     | 13.2     |
| time/              |          |
|    fps             | 1148     |
|    iterations      | 1        |
|    time_elapsed    | 57       |
|    total_timesteps | 5898240  |
---------------------------------
---------------------------------------
| rollout/                |           |
|    ep_len_mean          | 124       |
|    ep_rew_mean          | 13.4      |
| time/                   |           |
|    fps                  | 348       |
|    iterations           | 2         |
|    time_elapsed         | 376       |
|    total_timesteps      | 5963776   |
| train/                  |           |
|    approx_kl            | 0.2464801 |
|    clip_fraction        | 0.199     |
|    clip_range           | 0.2       |
|    entropy_loss         | -0.196    |
|    explained_variance   | 0.495     |
|    learning_rate        | 0.0003    |
|    loss                 | 0.0586    |
|    n_updates            | 900       |
|    policy_gradient_loss | -0.0245   |
|    value_loss           | 0.604     |
---------------------------------------
