Starting Self-Play Training with 32 parallel environments...

--- Generation 1 ---
---------------------------------
| rollout/           |          |
|    ep_len_mean     | 188      |
|    ep_rew_mean     | -25.8    |
| time/              |          |
|    fps             | 4679     |
|    iterations      | 1        |
|    time_elapsed    | 14       |
|    total_timesteps | 393216   |
---------------------------------
-----------------------------------------
| rollout/                |             |
|    ep_len_mean          | 189         |
|    ep_rew_mean          | -25         |
| time/                   |             |
|    fps                  | 944         |
|    iterations           | 2           |
|    time_elapsed         | 138         |
|    total_timesteps      | 458752      |
| train/                  |             |
|    approx_kl            | 0.097339295 |
|    clip_fraction        | 0.285       |
|    clip_range           | 0.2         |
|    entropy_loss         | -0.955      |
|    explained_variance   | 0.802       |
|    learning_rate        | 0.0003      |
|    loss                 | 0.131       |
|    n_updates            | 60          |
|    policy_gradient_loss | -0.0367     |
|    value_loss           | 0.821       |
-----------------------------------------
Saved generation 1 to /home/jnn.aurich/kuhhandel-ml/itp/models/selfplay_pool/gen_2
Time elapsed: 3.72 mins

--- Generation 2 ---
---------------------------------
| rollout/           |          |
|    ep_len_mean     | 187      |
|    ep_rew_mean     | -24.1    |
| time/              |          |
|    fps             | 32       |
|    iterations      | 1        |
|    time_elapsed    | 1992     |
|    total_timesteps | 524288   |
---------------------------------
----------------------------------------
| rollout/                |            |
|    ep_len_mean          | 187        |
|    ep_rew_mean          | -22.7      |
| time/                   |            |
|    fps                  | 31         |
|    iterations           | 2          |
|    time_elapsed         | 4118       |
|    total_timesteps      | 589824     |
| train/                  |            |
|    approx_kl            | 0.11253089 |
|    clip_fraction        | 0.282      |
|    clip_range           | 0.2        |
|    entropy_loss         | -0.861     |
|    explained_variance   | 0.811      |
|    learning_rate        | 0.0003     |
|    loss                 | 0.0627     |
|    n_updates            | 80         |
|    policy_gradient_loss | -0.0373    |
|    value_loss           | 0.77       |
----------------------------------------
Saved generation 2 to /home/jnn.aurich/kuhhandel-ml/itp/models/selfplay_pool/gen_3
Time elapsed: 73.68 mins

--- Generation 3 ---
---------------------------------
| rollout/           |          |
|    ep_len_mean     | 189      |
|    ep_rew_mean     | -22.9    |
| time/              |          |
|    fps             | 31       |
|    iterations      | 1        |
|    time_elapsed    | 2087     |
|    total_timesteps | 655360   |
---------------------------------
-----------------------------------------
| rollout/                |             |
|    ep_len_mean          | 189         |
|    ep_rew_mean          | -22.4       |
| time/                   |             |
|    fps                  | 30          |
|    iterations           | 2           |
|    time_elapsed         | 4233        |
|    total_timesteps      | 720896      |
| train/                  |             |
|    approx_kl            | 0.120493524 |
|    clip_fraction        | 0.272       |
|    clip_range           | 0.2         |
|    entropy_loss         | -0.777      |
|    explained_variance   | 0.805       |
|    learning_rate        | 0.0003      |
|    loss                 | 0.0311      |
|    n_updates            | 100         |
|    policy_gradient_loss | -0.0361     |
|    value_loss           | 0.779       |
-----------------------------------------
Saved generation 3 to /home/jnn.aurich/kuhhandel-ml/itp/models/selfplay_pool/gen_4
Time elapsed: 145.59 mins

--- Generation 4 ---
---------------------------------
| rollout/           |          |
|    ep_len_mean     | 188      |
|    ep_rew_mean     | -23.9    |
| time/              |          |
|    fps             | 31       |
|    iterations      | 1        |
|    time_elapsed    | 2061     |
|    total_timesteps | 786432   |
---------------------------------
----------------------------------------
| rollout/                |            |
|    ep_len_mean          | 187        |
|    ep_rew_mean          | -20.4      |
| time/                   |            |
|    fps                  | 30         |
|    iterations           | 2          |
|    time_elapsed         | 4246       |
|    total_timesteps      | 851968     |
| train/                  |            |
|    approx_kl            | 0.13204822 |
|    clip_fraction        | 0.271      |
|    clip_range           | 0.2        |
|    entropy_loss         | -0.727     |
|    explained_variance   | 0.788      |
|    learning_rate        | 0.0003     |
|    loss                 | 0.0918     |
|    n_updates            | 120        |
|    policy_gradient_loss | -0.0359    |
|    value_loss           | 0.844      |
----------------------------------------
Saved generation 4 to /home/jnn.aurich/kuhhandel-ml/itp/models/selfplay_pool/gen_1
Time elapsed: 217.76 mins

--- Generation 5 ---
---------------------------------
| rollout/           |          |
|    ep_len_mean     | 190      |
|    ep_rew_mean     | -24.5    |
| time/              |          |
|    fps             | 31       |
|    iterations      | 1        |
|    time_elapsed    | 2091     |
|    total_timesteps | 917504   |
---------------------------------
----------------------------------------
| rollout/                |            |
|    ep_len_mean          | 186        |
|    ep_rew_mean          | -17.9      |
| time/                   |            |
|    fps                  | 30         |
|    iterations           | 2          |
|    time_elapsed         | 4321       |
|    total_timesteps      | 983040     |
| train/                  |            |
|    approx_kl            | 0.14656687 |
|    clip_fraction        | 0.273      |
|    clip_range           | 0.2        |
|    entropy_loss         | -0.686     |
|    explained_variance   | 0.807      |
|    learning_rate        | 0.0003     |
|    loss                 | 0.0148     |
|    n_updates            | 140        |
|    policy_gradient_loss | -0.0361    |
|    value_loss           | 0.842      |
----------------------------------------
Saved generation 5 to /home/jnn.aurich/kuhhandel-ml/itp/models/selfplay_pool/gen_2
Time elapsed: 291.14 mins

--- Generation 6 ---
---------------------------------
| rollout/           |          |
|    ep_len_mean     | 180      |
|    ep_rew_mean     | -18.4    |
| time/              |          |
|    fps             | 30       |
|    iterations      | 1        |
|    time_elapsed    | 2135     |
|    total_timesteps | 1048576  |
---------------------------------
----------------------------------------
| rollout/                |            |
|    ep_len_mean          | 185        |
|    ep_rew_mean          | -19.1      |
| time/                   |            |
|    fps                  | 30         |
|    iterations           | 2          |
|    time_elapsed         | 4327       |
|    total_timesteps      | 1114112    |
| train/                  |            |
|    approx_kl            | 0.15059943 |
|    clip_fraction        | 0.27       |
|    clip_range           | 0.2        |
|    entropy_loss         | -0.644     |
|    explained_variance   | 0.807      |
|    learning_rate        | 0.0003     |
|    loss                 | 0.0321     |
|    n_updates            | 160        |
|    policy_gradient_loss | -0.0365    |
|    value_loss           | 0.888      |
----------------------------------------
Saved generation 6 to /home/jnn.aurich/kuhhandel-ml/itp/models/selfplay_pool/gen_3
Time elapsed: 364.66 mins

--- Generation 7 ---
---------------------------------
| rollout/           |          |
|    ep_len_mean     | 184      |
|    ep_rew_mean     | -18      |
| time/              |          |
|    fps             | 30       |
|    iterations      | 1        |
|    time_elapsed    | 2123     |
|    total_timesteps | 1179648  |
---------------------------------
----------------------------------------
| rollout/                |            |
|    ep_len_mean          | 187        |
|    ep_rew_mean          | -18.8      |
| time/                   |            |
|    fps                  | 30         |
|    iterations           | 2          |
|    time_elapsed         | 4301       |
|    total_timesteps      | 1245184    |
| train/                  |            |
|    approx_kl            | 0.16302118 |
|    clip_fraction        | 0.266      |
|    clip_range           | 0.2        |
|    entropy_loss         | -0.589     |
|    explained_variance   | 0.8        |
|    learning_rate        | 0.0003     |
|    loss                 | 0.0722     |
|    n_updates            | 180        |
|    policy_gradient_loss | -0.0355    |
|    value_loss           | 0.883      |
----------------------------------------
Saved generation 7 to /home/jnn.aurich/kuhhandel-ml/itp/models/selfplay_pool/gen_4
Time elapsed: 437.72 mins

--- Generation 8 ---
---------------------------------
| rollout/           |          |
|    ep_len_mean     | 183      |
|    ep_rew_mean     | -15.7    |
| time/              |          |
|    fps             | 30       |
|    iterations      | 1        |
|    time_elapsed    | 2142     |
|    total_timesteps | 1310720  |
---------------------------------
----------------------------------------
| rollout/                |            |
|    ep_len_mean          | 181        |
|    ep_rew_mean          | -15.7      |
| time/                   |            |
|    fps                  | 30         |
|    iterations           | 2          |
|    time_elapsed         | 4368       |
|    total_timesteps      | 1376256    |
| train/                  |            |
|    approx_kl            | 0.16634208 |
|    clip_fraction        | 0.258      |
|    clip_range           | 0.2        |
|    entropy_loss         | -0.535     |
|    explained_variance   | 0.793      |
|    learning_rate        | 0.0003     |
|    loss                 | 0.0498     |
|    n_updates            | 200        |
|    policy_gradient_loss | -0.0345    |
|    value_loss           | 0.858      |
----------------------------------------
Saved generation 8 to /home/jnn.aurich/kuhhandel-ml/itp/models/selfplay_pool/gen_1
Time elapsed: 512.04 mins

--- Generation 9 ---
---------------------------------
| rollout/           |          |
|    ep_len_mean     | 179      |
|    ep_rew_mean     | -14.5    |
| time/              |          |
|    fps             | 30       |
|    iterations      | 1        |
|    time_elapsed    | 2165     |
|    total_timesteps | 1441792  |
---------------------------------
----------------------------------------
| rollout/                |            |
|    ep_len_mean          | 179        |
|    ep_rew_mean          | -12.3      |
| time/                   |            |
|    fps                  | 29         |
|    iterations           | 2          |
|    time_elapsed         | 4398       |
|    total_timesteps      | 1507328    |
| train/                  |            |
|    approx_kl            | 0.17275785 |
|    clip_fraction        | 0.255      |
|    clip_range           | 0.2        |
|    entropy_loss         | -0.51      |
|    explained_variance   | 0.8        |
|    learning_rate        | 0.0003     |
|    loss                 | 0.00549    |
|    n_updates            | 220        |
|    policy_gradient_loss | -0.0343    |
|    value_loss           | 0.916      |
----------------------------------------
Saved generation 9 to /home/jnn.aurich/kuhhandel-ml/itp/models/selfplay_pool/gen_2
Time elapsed: 586.78 mins

--- Generation 10 ---
---------------------------------
| rollout/           |          |
|    ep_len_mean     | 182      |
|    ep_rew_mean     | -13.7    |
| time/              |          |
|    fps             | 30       |
|    iterations      | 1        |
|    time_elapsed    | 2163     |
|    total_timesteps | 1572864  |
---------------------------------
----------------------------------------
| rollout/                |            |
|    ep_len_mean          | 179        |
|    ep_rew_mean          | -12.5      |
| time/                   |            |
|    fps                  | 29         |
|    iterations           | 2          |
|    time_elapsed         | 4402       |
|    total_timesteps      | 1638400    |
| train/                  |            |
|    approx_kl            | 0.18251373 |
|    clip_fraction        | 0.25       |
|    clip_range           | 0.2        |
|    entropy_loss         | -0.467     |
|    explained_variance   | 0.795      |
|    learning_rate        | 0.0003     |
|    loss                 | 0.0788     |
|    n_updates            | 240        |
|    policy_gradient_loss | -0.034     |
|    value_loss           | 0.901      |
----------------------------------------
Saved generation 10 to /home/jnn.aurich/kuhhandel-ml/itp/models/selfplay_pool/gen_3
Time elapsed: 661.54 mins

--- Generation 11 ---
---------------------------------
| rollout/           |          |
|    ep_len_mean     | 178      |
|    ep_rew_mean     | -11.8    |
| time/              |          |
|    fps             | 29       |
|    iterations      | 1        |
|    time_elapsed    | 2191     |
|    total_timesteps | 1703936  |
---------------------------------
----------------------------------------
| rollout/                |            |
|    ep_len_mean          | 176        |
|    ep_rew_mean          | -11.6      |
| time/                   |            |
|    fps                  | 29         |
|    iterations           | 2          |
|    time_elapsed         | 4472       |
|    total_timesteps      | 1769472    |
| train/                  |            |
|    approx_kl            | 0.18531871 |
|    clip_fraction        | 0.247      |
|    clip_range           | 0.2        |
|    entropy_loss         | -0.437     |
|    explained_variance   | 0.792      |
|    learning_rate        | 0.0003     |
|    loss                 | 0.0767     |
|    n_updates            | 260        |
|    policy_gradient_loss | -0.0334    |
|    value_loss           | 1          |
----------------------------------------
Saved generation 11 to /home/jnn.aurich/kuhhandel-ml/itp/models/selfplay_pool/gen_4
Time elapsed: 737.43 mins

--- Generation 12 ---
---------------------------------
| rollout/           |          |
|    ep_len_mean     | 172      |
|    ep_rew_mean     | -10.9    |
| time/              |          |
|    fps             | 29       |
|    iterations      | 1        |
|    time_elapsed    | 2193     |
|    total_timesteps | 1835008  |
---------------------------------
----------------------------------------
| rollout/                |            |
|    ep_len_mean          | 168        |
|    ep_rew_mean          | -7.55      |
| time/                   |            |
|    fps                  | 28         |
|    iterations           | 2          |
|    time_elapsed         | 4527       |
|    total_timesteps      | 1900544    |
| train/                  |            |
|    approx_kl            | 0.22406816 |
|    clip_fraction        | 0.246      |
|    clip_range           | 0.2        |
|    entropy_loss         | -0.422     |
|    explained_variance   | 0.785      |
|    learning_rate        | 0.0003     |
|    loss                 | 0.0853     |
|    n_updates            | 280        |
|    policy_gradient_loss | -0.0334    |
|    value_loss           | 1.03       |
----------------------------------------
Saved generation 12 to /home/jnn.aurich/kuhhandel-ml/itp/models/selfplay_pool/gen_1
Time elapsed: 814.39 mins

--- Generation 13 ---
---------------------------------
| rollout/           |          |
|    ep_len_mean     | 169      |
|    ep_rew_mean     | -5.95    |
| time/              |          |
|    fps             | 29       |
|    iterations      | 1        |
|    time_elapsed    | 2236     |
|    total_timesteps | 1966080  |
---------------------------------
----------------------------------------
| rollout/                |            |
|    ep_len_mean          | 169        |
|    ep_rew_mean          | -7.71      |
| time/                   |            |
|    fps                  | 28         |
|    iterations           | 2          |
|    time_elapsed         | 4539       |
|    total_timesteps      | 2031616    |
| train/                  |            |
|    approx_kl            | 0.19592497 |
|    clip_fraction        | 0.245      |
|    clip_range           | 0.2        |
|    entropy_loss         | -0.398     |
|    explained_variance   | 0.771      |
|    learning_rate        | 0.0003     |
|    loss                 | 0.0423     |
|    n_updates            | 300        |
|    policy_gradient_loss | -0.0327    |
|    value_loss           | 0.992      |
----------------------------------------
Saved generation 13 to /home/jnn.aurich/kuhhandel-ml/itp/models/selfplay_pool/gen_2
Time elapsed: 891.46 mins

--- Generation 14 ---
---------------------------------
| rollout/           |          |
|    ep_len_mean     | 171      |
|    ep_rew_mean     | -8.25    |
| time/              |          |
|    fps             | 29       |
|    iterations      | 1        |
|    time_elapsed    | 2209     |
|    total_timesteps | 2097152  |
---------------------------------
---------------------------------------
| rollout/                |           |
|    ep_len_mean          | 172       |
|    ep_rew_mean          | -6.72     |
| time/                   |           |
|    fps                  | 28        |
|    iterations           | 2         |
|    time_elapsed         | 4528      |
|    total_timesteps      | 2162688   |
| train/                  |           |
|    approx_kl            | 0.2039864 |
|    clip_fraction        | 0.24      |
|    clip_range           | 0.2       |
|    entropy_loss         | -0.376    |
|    explained_variance   | 0.762     |
|    learning_rate        | 0.0003    |
|    loss                 | 0.0748    |
|    n_updates            | 320       |
|    policy_gradient_loss | -0.032    |
|    value_loss           | 1.01      |
---------------------------------------
Saved generation 14 to /home/jnn.aurich/kuhhandel-ml/itp/models/selfplay_pool/gen_3
Time elapsed: 968.36 mins

--- Generation 15 ---
---------------------------------
| rollout/           |          |
|    ep_len_mean     | 168      |
|    ep_rew_mean     | -5.99    |
| time/              |          |
|    fps             | 29       |
|    iterations      | 1        |
|    time_elapsed    | 2236     |
|    total_timesteps | 2228224  |
---------------------------------
----------------------------------------
| rollout/                |            |
|    ep_len_mean          | 165        |
|    ep_rew_mean          | -5.52      |
| time/                   |            |
|    fps                  | 28         |
|    iterations           | 2          |
|    time_elapsed         | 4646       |
|    total_timesteps      | 2293760    |
| train/                  |            |
|    approx_kl            | 0.20902698 |
|    clip_fraction        | 0.23       |
|    clip_range           | 0.2        |
|    entropy_loss         | -0.351     |
|    explained_variance   | 0.756      |
|    learning_rate        | 0.0003     |
|    loss                 | 0.0114     |
|    n_updates            | 340        |
|    policy_gradient_loss | -0.0313    |
|    value_loss           | 1.03       |
----------------------------------------
Saved generation 15 to /home/jnn.aurich/kuhhandel-ml/itp/models/selfplay_pool/gen_4
Time elapsed: 1047.17 mins

--- Generation 16 ---
---------------------------------
| rollout/           |          |
|    ep_len_mean     | 165      |
|    ep_rew_mean     | -1.91    |
| time/              |          |
|    fps             | 28       |
|    iterations      | 1        |
|    time_elapsed    | 2332     |
|    total_timesteps | 2359296  |
---------------------------------
----------------------------------------
| rollout/                |            |
|    ep_len_mean          | 168        |
|    ep_rew_mean          | -5.87      |
| time/                   |            |
|    fps                  | 28         |
|    iterations           | 2          |
|    time_elapsed         | 4671       |
|    total_timesteps      | 2424832    |
| train/                  |            |
|    approx_kl            | 0.21005595 |
|    clip_fraction        | 0.23       |
|    clip_range           | 0.2        |
|    entropy_loss         | -0.331     |
|    explained_variance   | 0.742      |
|    learning_rate        | 0.0003     |
|    loss                 | 0.0442     |
|    n_updates            | 360        |
|    policy_gradient_loss | -0.03      |
|    value_loss           | 1.04       |
----------------------------------------
Saved generation 16 to /home/jnn.aurich/kuhhandel-ml/itp/models/selfplay_pool/gen_1
Time elapsed: 1126.43 mins

--- Generation 17 ---
---------------------------------
| rollout/           |          |
|    ep_len_mean     | 164      |
|    ep_rew_mean     | -2.78    |
| time/              |          |
|    fps             | 28       |
|    iterations      | 1        |
|    time_elapsed    | 2315     |
|    total_timesteps | 2490368  |
---------------------------------
----------------------------------------
| rollout/                |            |
|    ep_len_mean          | 161        |
|    ep_rew_mean          | -3.28      |
| time/                   |            |
|    fps                  | 27         |
|    iterations           | 2          |
|    time_elapsed         | 4727       |
|    total_timesteps      | 2555904    |
| train/                  |            |
|    approx_kl            | 0.20455408 |
|    clip_fraction        | 0.224      |
|    clip_range           | 0.2        |
|    entropy_loss         | -0.316     |
|    explained_variance   | 0.726      |
|    learning_rate        | 0.0003     |
|    loss                 | 0.082      |
|    n_updates            | 380        |
|    policy_gradient_loss | -0.0286    |
|    value_loss           | 1.05       |
----------------------------------------
Saved generation 17 to /home/jnn.aurich/kuhhandel-ml/itp/models/selfplay_pool/gen_2
Time elapsed: 1206.89 mins

--- Generation 18 ---
---------------------------------
| rollout/           |          |
|    ep_len_mean     | 159      |
|    ep_rew_mean     | -1.92    |
| time/              |          |
|    fps             | 28       |
|    iterations      | 1        |
|    time_elapsed    | 2312     |
|    total_timesteps | 2621440  |
---------------------------------
