Starting Self-Play Training with 32 parallel environments...

--- Generation 1 ---
---------------------------------
| rollout/           |          |
|    ep_len_mean     | 174      |
|    ep_rew_mean     | -27.1    |
| time/              |          |
|    fps             | 1264     |
|    iterations      | 1        |
|    time_elapsed    | 51       |
|    total_timesteps | 196608   |
---------------------------------
Saved generation 1 to /home/jnn.aurich/kuhhandel-ml/itp/models/selfplay_pool/gen_1
Time elapsed: 4.47 mins

--- Generation 2 ---
---------------------------------
| rollout/           |          |
|    ep_len_mean     | 178      |
|    ep_rew_mean     | -24.8    |
| time/              |          |
|    fps             | 1319     |
|    iterations      | 1        |
|    time_elapsed    | 49       |
|    total_timesteps | 262144   |
---------------------------------
Saved generation 2 to /home/jnn.aurich/kuhhandel-ml/itp/models/selfplay_pool/gen_2
Time elapsed: 8.90 mins

--- Generation 3 ---
---------------------------------
| rollout/           |          |
|    ep_len_mean     | 177      |
|    ep_rew_mean     | -23.4    |
| time/              |          |
|    fps             | 1205     |
|    iterations      | 1        |
|    time_elapsed    | 54       |
|    total_timesteps | 327680   |
---------------------------------
Saved generation 3 to /home/jnn.aurich/kuhhandel-ml/itp/models/selfplay_pool/gen_3
Time elapsed: 13.44 mins
Training loop finished in 13.44 minutes. Model saved to /home/jnn.aurich/kuhhandel-ml/itp/models/kuhhandel_ppo_final
